Started GET "/" for 127.0.0.1 at 2017-06-03 12:50:47 +0530
Processing by Rails::WelcomeController#index as HTML
  Rendering /home/abhiram/.rvm/gems/ruby-2.4.1/gems/railties-5.1.1/lib/rails/templates/rails/welcome/index.html.erb
  Rendered /home/abhiram/.rvm/gems/ruby-2.4.1/gems/railties-5.1.1/lib/rails/templates/rails/welcome/index.html.erb (4.4ms)
Completed 200 OK in 500ms (Views: 42.4ms)


Started GET "/serviceworker.js" for 127.0.0.1 at 2017-06-03 12:50:48 +0530
  
ActionController::RoutingError (No route matches [GET] "/serviceworker.js"):
  
actionpack (5.1.1) lib/action_dispatch/middleware/debug_exceptions.rb:63:in `call'
web-console (3.5.1) lib/web_console/middleware.rb:135:in `call_app'
web-console (3.5.1) lib/web_console/middleware.rb:28:in `block in call'
web-console (3.5.1) lib/web_console/middleware.rb:18:in `catch'
web-console (3.5.1) lib/web_console/middleware.rb:18:in `call'
actionpack (5.1.1) lib/action_dispatch/middleware/show_exceptions.rb:31:in `call'
railties (5.1.1) lib/rails/rack/logger.rb:36:in `call_app'
railties (5.1.1) lib/rails/rack/logger.rb:24:in `block in call'
activesupport (5.1.1) lib/active_support/tagged_logging.rb:69:in `block in tagged'
activesupport (5.1.1) lib/active_support/tagged_logging.rb:26:in `tagged'
activesupport (5.1.1) lib/active_support/tagged_logging.rb:69:in `tagged'
railties (5.1.1) lib/rails/rack/logger.rb:24:in `call'
sprockets-rails (3.2.0) lib/sprockets/rails/quiet_assets.rb:13:in `call'
actionpack (5.1.1) lib/action_dispatch/middleware/remote_ip.rb:79:in `call'
actionpack (5.1.1) lib/action_dispatch/middleware/request_id.rb:25:in `call'
rack (2.0.3) lib/rack/method_override.rb:22:in `call'
rack (2.0.3) lib/rack/runtime.rb:22:in `call'
activesupport (5.1.1) lib/active_support/cache/strategy/local_cache_middleware.rb:27:in `call'
actionpack (5.1.1) lib/action_dispatch/middleware/executor.rb:12:in `call'
actionpack (5.1.1) lib/action_dispatch/middleware/static.rb:125:in `call'
rack (2.0.3) lib/rack/sendfile.rb:111:in `call'
railties (5.1.1) lib/rails/engine.rb:522:in `call'
puma (3.9.0) lib/puma/configuration.rb:224:in `call'
puma (3.9.0) lib/puma/server.rb:602:in `handle_request'
puma (3.9.0) lib/puma/server.rb:435:in `process_client'
puma (3.9.0) lib/puma/server.rb:299:in `block in run'
puma (3.9.0) lib/puma/thread_pool.rb:120:in `block in spawn_thread'
Started GET "/" for 127.0.0.1 at 2017-06-03 16:13:11 +0530
Processing by Rails::WelcomeController#index as HTML
  Rendering /home/abhiram/.rvm/gems/ruby-2.4.1/gems/railties-5.1.1/lib/rails/templates/rails/welcome/index.html.erb
  Rendered /home/abhiram/.rvm/gems/ruby-2.4.1/gems/railties-5.1.1/lib/rails/templates/rails/welcome/index.html.erb (3.1ms)
Completed 200 OK in 220ms (Views: 10.0ms)


Started GET "/serviceworker.js" for 127.0.0.1 at 2017-06-03 16:13:12 +0530
  
ActionController::RoutingError (No route matches [GET] "/serviceworker.js"):
  
actionpack (5.1.1) lib/action_dispatch/middleware/debug_exceptions.rb:63:in `call'
web-console (3.5.1) lib/web_console/middleware.rb:135:in `call_app'
web-console (3.5.1) lib/web_console/middleware.rb:28:in `block in call'
web-console (3.5.1) lib/web_console/middleware.rb:18:in `catch'
web-console (3.5.1) lib/web_console/middleware.rb:18:in `call'
actionpack (5.1.1) lib/action_dispatch/middleware/show_exceptions.rb:31:in `call'
railties (5.1.1) lib/rails/rack/logger.rb:36:in `call_app'
railties (5.1.1) lib/rails/rack/logger.rb:24:in `block in call'
activesupport (5.1.1) lib/active_support/tagged_logging.rb:69:in `block in tagged'
activesupport (5.1.1) lib/active_support/tagged_logging.rb:26:in `tagged'
activesupport (5.1.1) lib/active_support/tagged_logging.rb:69:in `tagged'
railties (5.1.1) lib/rails/rack/logger.rb:24:in `call'
sprockets-rails (3.2.0) lib/sprockets/rails/quiet_assets.rb:13:in `call'
actionpack (5.1.1) lib/action_dispatch/middleware/remote_ip.rb:79:in `call'
actionpack (5.1.1) lib/action_dispatch/middleware/request_id.rb:25:in `call'
rack (2.0.3) lib/rack/method_override.rb:22:in `call'
rack (2.0.3) lib/rack/runtime.rb:22:in `call'
activesupport (5.1.1) lib/active_support/cache/strategy/local_cache_middleware.rb:27:in `call'
actionpack (5.1.1) lib/action_dispatch/middleware/executor.rb:12:in `call'
actionpack (5.1.1) lib/action_dispatch/middleware/static.rb:125:in `call'
rack (2.0.3) lib/rack/sendfile.rb:111:in `call'
railties (5.1.1) lib/rails/engine.rb:522:in `call'
puma (3.9.0) lib/puma/configuration.rb:224:in `call'
puma (3.9.0) lib/puma/server.rb:602:in `handle_request'
puma (3.9.0) lib/puma/server.rb:435:in `process_client'
puma (3.9.0) lib/puma/server.rb:299:in `block in run'
puma (3.9.0) lib/puma/thread_pool.rb:120:in `block in spawn_thread'
Started GET "/" for 127.0.0.1 at 2017-06-03 17:25:11 +0530
Processing by ApplicationController#home as HTML
  Rendering layouts/application.html.haml within layouts/application
  Rendered layouts/application.html.haml within layouts/application (344.4ms)
Completed 500 Internal Server Error in 595ms


  
ActionView::Template::Error (couldn't find file 'angular' with type 'application/javascript'
Checked in these paths: 
  /media/abhiram/DATA/Website/app/assets/config
  /media/abhiram/DATA/Website/app/assets/images
  /media/abhiram/DATA/Website/app/assets/javascripts
  /media/abhiram/DATA/Website/app/assets/stylesheets
  /home/abhiram/.rvm/gems/ruby-2.4.1/gems/angular-rails-templates-1.0.2/vendor/assets/javascripts
  /home/abhiram/.rvm/gems/ruby-2.4.1/gems/jquery-rails-4.2.2/vendor/assets/javascripts
  /home/abhiram/.rvm/gems/ruby-2.4.1/gems/coffee-rails-4.2.2/lib/assets/javascripts
  /home/abhiram/.rvm/gems/ruby-2.4.1/gems/actioncable-5.1.1/lib/assets/compiled
  /home/abhiram/.rvm/gems/ruby-2.4.1/gems/actionview-5.1.1/lib/assets/compiled
  /home/abhiram/.rvm/gems/ruby-2.4.1/gems/turbolinks-source-5.0.3/lib/assets/javascripts
  /media/abhiram/DATA/Website/node_modules):
    4:     %meta{:content => "text/html; charset=UTF-8", "http-equiv" => "Content-Type"}/
    5:     %title Website
    6:     = csrf_meta_tags
    7:     = stylesheet_link_tag    'application', media: 'all', 'data-turbolinks-track': 'reload'
    8:     = javascript_include_tag 'application', 'data-turbolinks-track': 'reload'
    9:   %body{ 'ng-app' => 'App' }
   10:     %ui-view
  
app/assets/javascripts/application.js:15
app/views/layouts/application.html.haml:7:in `_app_views_layouts_application_html_haml___1203696761078445734_45377360'
app/controllers/application_controller.rb:4:in `home'
Started GET "/serviceworker.js" for 127.0.0.1 at 2017-06-03 17:25:13 +0530
  
ActionController::RoutingError (No route matches [GET] "/serviceworker.js"):
  
actionpack (5.1.1) lib/action_dispatch/middleware/debug_exceptions.rb:63:in `call'
web-console (3.5.1) lib/web_console/middleware.rb:135:in `call_app'
web-console (3.5.1) lib/web_console/middleware.rb:28:in `block in call'
web-console (3.5.1) lib/web_console/middleware.rb:18:in `catch'
web-console (3.5.1) lib/web_console/middleware.rb:18:in `call'
actionpack (5.1.1) lib/action_dispatch/middleware/show_exceptions.rb:31:in `call'
railties (5.1.1) lib/rails/rack/logger.rb:36:in `call_app'
railties (5.1.1) lib/rails/rack/logger.rb:24:in `block in call'
activesupport (5.1.1) lib/active_support/tagged_logging.rb:69:in `block in tagged'
activesupport (5.1.1) lib/active_support/tagged_logging.rb:26:in `tagged'
activesupport (5.1.1) lib/active_support/tagged_logging.rb:69:in `tagged'
railties (5.1.1) lib/rails/rack/logger.rb:24:in `call'
sprockets-rails (3.2.0) lib/sprockets/rails/quiet_assets.rb:13:in `call'
actionpack (5.1.1) lib/action_dispatch/middleware/remote_ip.rb:79:in `call'
actionpack (5.1.1) lib/action_dispatch/middleware/request_id.rb:25:in `call'
rack (2.0.3) lib/rack/method_override.rb:22:in `call'
rack (2.0.3) lib/rack/runtime.rb:22:in `call'
activesupport (5.1.1) lib/active_support/cache/strategy/local_cache_middleware.rb:27:in `call'
actionpack (5.1.1) lib/action_dispatch/middleware/executor.rb:12:in `call'
actionpack (5.1.1) lib/action_dispatch/middleware/static.rb:125:in `call'
rack (2.0.3) lib/rack/sendfile.rb:111:in `call'
railties (5.1.1) lib/rails/engine.rb:522:in `call'
puma (3.9.0) lib/puma/configuration.rb:224:in `call'
puma (3.9.0) lib/puma/server.rb:602:in `handle_request'
puma (3.9.0) lib/puma/server.rb:435:in `process_client'
puma (3.9.0) lib/puma/server.rb:299:in `block in run'
puma (3.9.0) lib/puma/thread_pool.rb:120:in `block in spawn_thread'
Started GET "/home/home" for 127.0.0.1 at 2017-06-03 17:25:23 +0530
  
ActionController::RoutingError (No route matches [GET] "/home/home"):
  
actionpack (5.1.1) lib/action_dispatch/middleware/debug_exceptions.rb:63:in `call'
web-console (3.5.1) lib/web_console/middleware.rb:135:in `call_app'
web-console (3.5.1) lib/web_console/middleware.rb:28:in `block in call'
web-console (3.5.1) lib/web_console/middleware.rb:18:in `catch'
web-console (3.5.1) lib/web_console/middleware.rb:18:in `call'
actionpack (5.1.1) lib/action_dispatch/middleware/show_exceptions.rb:31:in `call'
railties (5.1.1) lib/rails/rack/logger.rb:36:in `call_app'
railties (5.1.1) lib/rails/rack/logger.rb:24:in `block in call'
activesupport (5.1.1) lib/active_support/tagged_logging.rb:69:in `block in tagged'
activesupport (5.1.1) lib/active_support/tagged_logging.rb:26:in `tagged'
activesupport (5.1.1) lib/active_support/tagged_logging.rb:69:in `tagged'
railties (5.1.1) lib/rails/rack/logger.rb:24:in `call'
sprockets-rails (3.2.0) lib/sprockets/rails/quiet_assets.rb:13:in `call'
actionpack (5.1.1) lib/action_dispatch/middleware/remote_ip.rb:79:in `call'
actionpack (5.1.1) lib/action_dispatch/middleware/request_id.rb:25:in `call'
rack (2.0.3) lib/rack/method_override.rb:22:in `call'
rack (2.0.3) lib/rack/runtime.rb:22:in `call'
activesupport (5.1.1) lib/active_support/cache/strategy/local_cache_middleware.rb:27:in `call'
actionpack (5.1.1) lib/action_dispatch/middleware/executor.rb:12:in `call'
actionpack (5.1.1) lib/action_dispatch/middleware/static.rb:125:in `call'
rack (2.0.3) lib/rack/sendfile.rb:111:in `call'
railties (5.1.1) lib/rails/engine.rb:522:in `call'
puma (3.9.0) lib/puma/configuration.rb:224:in `call'
puma (3.9.0) lib/puma/server.rb:602:in `handle_request'
puma (3.9.0) lib/puma/server.rb:435:in `process_client'
puma (3.9.0) lib/puma/server.rb:299:in `block in run'
puma (3.9.0) lib/puma/thread_pool.rb:120:in `block in spawn_thread'
Started GET "/serviceworker.js" for 127.0.0.1 at 2017-06-03 17:25:24 +0530
  
ActionController::RoutingError (No route matches [GET] "/serviceworker.js"):
  
actionpack (5.1.1) lib/action_dispatch/middleware/debug_exceptions.rb:63:in `call'
web-console (3.5.1) lib/web_console/middleware.rb:135:in `call_app'
web-console (3.5.1) lib/web_console/middleware.rb:28:in `block in call'
web-console (3.5.1) lib/web_console/middleware.rb:18:in `catch'
web-console (3.5.1) lib/web_console/middleware.rb:18:in `call'
actionpack (5.1.1) lib/action_dispatch/middleware/show_exceptions.rb:31:in `call'
railties (5.1.1) lib/rails/rack/logger.rb:36:in `call_app'
railties (5.1.1) lib/rails/rack/logger.rb:24:in `block in call'
activesupport (5.1.1) lib/active_support/tagged_logging.rb:69:in `block in tagged'
activesupport (5.1.1) lib/active_support/tagged_logging.rb:26:in `tagged'
activesupport (5.1.1) lib/active_support/tagged_logging.rb:69:in `tagged'
railties (5.1.1) lib/rails/rack/logger.rb:24:in `call'
sprockets-rails (3.2.0) lib/sprockets/rails/quiet_assets.rb:13:in `call'
actionpack (5.1.1) lib/action_dispatch/middleware/remote_ip.rb:79:in `call'
actionpack (5.1.1) lib/action_dispatch/middleware/request_id.rb:25:in `call'
rack (2.0.3) lib/rack/method_override.rb:22:in `call'
rack (2.0.3) lib/rack/runtime.rb:22:in `call'
activesupport (5.1.1) lib/active_support/cache/strategy/local_cache_middleware.rb:27:in `call'
actionpack (5.1.1) lib/action_dispatch/middleware/executor.rb:12:in `call'
actionpack (5.1.1) lib/action_dispatch/middleware/static.rb:125:in `call'
rack (2.0.3) lib/rack/sendfile.rb:111:in `call'
railties (5.1.1) lib/rails/engine.rb:522:in `call'
puma (3.9.0) lib/puma/configuration.rb:224:in `call'
puma (3.9.0) lib/puma/server.rb:602:in `handle_request'
puma (3.9.0) lib/puma/server.rb:435:in `process_client'
puma (3.9.0) lib/puma/server.rb:299:in `block in run'
puma (3.9.0) lib/puma/thread_pool.rb:120:in `block in spawn_thread'
Started GET "/home" for 127.0.0.1 at 2017-06-03 17:25:31 +0530
  
ActionController::RoutingError (No route matches [GET] "/home"):
  
actionpack (5.1.1) lib/action_dispatch/middleware/debug_exceptions.rb:63:in `call'
web-console (3.5.1) lib/web_console/middleware.rb:135:in `call_app'
web-console (3.5.1) lib/web_console/middleware.rb:28:in `block in call'
web-console (3.5.1) lib/web_console/middleware.rb:18:in `catch'
web-console (3.5.1) lib/web_console/middleware.rb:18:in `call'
actionpack (5.1.1) lib/action_dispatch/middleware/show_exceptions.rb:31:in `call'
railties (5.1.1) lib/rails/rack/logger.rb:36:in `call_app'
railties (5.1.1) lib/rails/rack/logger.rb:24:in `block in call'
activesupport (5.1.1) lib/active_support/tagged_logging.rb:69:in `block in tagged'
activesupport (5.1.1) lib/active_support/tagged_logging.rb:26:in `tagged'
activesupport (5.1.1) lib/active_support/tagged_logging.rb:69:in `tagged'
railties (5.1.1) lib/rails/rack/logger.rb:24:in `call'
sprockets-rails (3.2.0) lib/sprockets/rails/quiet_assets.rb:13:in `call'
actionpack (5.1.1) lib/action_dispatch/middleware/remote_ip.rb:79:in `call'
actionpack (5.1.1) lib/action_dispatch/middleware/request_id.rb:25:in `call'
rack (2.0.3) lib/rack/method_override.rb:22:in `call'
rack (2.0.3) lib/rack/runtime.rb:22:in `call'
activesupport (5.1.1) lib/active_support/cache/strategy/local_cache_middleware.rb:27:in `call'
actionpack (5.1.1) lib/action_dispatch/middleware/executor.rb:12:in `call'
actionpack (5.1.1) lib/action_dispatch/middleware/static.rb:125:in `call'
rack (2.0.3) lib/rack/sendfile.rb:111:in `call'
railties (5.1.1) lib/rails/engine.rb:522:in `call'
puma (3.9.0) lib/puma/configuration.rb:224:in `call'
puma (3.9.0) lib/puma/server.rb:602:in `handle_request'
puma (3.9.0) lib/puma/server.rb:435:in `process_client'
puma (3.9.0) lib/puma/server.rb:299:in `block in run'
puma (3.9.0) lib/puma/thread_pool.rb:120:in `block in spawn_thread'
Started GET "/serviceworker.js" for 127.0.0.1 at 2017-06-03 17:25:32 +0530
  
ActionController::RoutingError (No route matches [GET] "/serviceworker.js"):
  
actionpack (5.1.1) lib/action_dispatch/middleware/debug_exceptions.rb:63:in `call'
web-console (3.5.1) lib/web_console/middleware.rb:135:in `call_app'
web-console (3.5.1) lib/web_console/middleware.rb:28:in `block in call'
web-console (3.5.1) lib/web_console/middleware.rb:18:in `catch'
web-console (3.5.1) lib/web_console/middleware.rb:18:in `call'
actionpack (5.1.1) lib/action_dispatch/middleware/show_exceptions.rb:31:in `call'
railties (5.1.1) lib/rails/rack/logger.rb:36:in `call_app'
railties (5.1.1) lib/rails/rack/logger.rb:24:in `block in call'
activesupport (5.1.1) lib/active_support/tagged_logging.rb:69:in `block in tagged'
activesupport (5.1.1) lib/active_support/tagged_logging.rb:26:in `tagged'
activesupport (5.1.1) lib/active_support/tagged_logging.rb:69:in `tagged'
railties (5.1.1) lib/rails/rack/logger.rb:24:in `call'
sprockets-rails (3.2.0) lib/sprockets/rails/quiet_assets.rb:13:in `call'
actionpack (5.1.1) lib/action_dispatch/middleware/remote_ip.rb:79:in `call'
actionpack (5.1.1) lib/action_dispatch/middleware/request_id.rb:25:in `call'
rack (2.0.3) lib/rack/method_override.rb:22:in `call'
rack (2.0.3) lib/rack/runtime.rb:22:in `call'
activesupport (5.1.1) lib/active_support/cache/strategy/local_cache_middleware.rb:27:in `call'
actionpack (5.1.1) lib/action_dispatch/middleware/executor.rb:12:in `call'
actionpack (5.1.1) lib/action_dispatch/middleware/static.rb:125:in `call'
rack (2.0.3) lib/rack/sendfile.rb:111:in `call'
railties (5.1.1) lib/rails/engine.rb:522:in `call'
puma (3.9.0) lib/puma/configuration.rb:224:in `call'
puma (3.9.0) lib/puma/server.rb:602:in `handle_request'
puma (3.9.0) lib/puma/server.rb:435:in `process_client'
puma (3.9.0) lib/puma/server.rb:299:in `block in run'
puma (3.9.0) lib/puma/thread_pool.rb:120:in `block in spawn_thread'
Started GET "/" for 127.0.0.1 at 2017-06-03 17:25:44 +0530
Processing by ApplicationController#home as HTML
  Rendering layouts/application.html.haml within layouts/application
  Rendered layouts/application.html.haml within layouts/application (16.6ms)
Completed 500 Internal Server Error in 26ms


  
ActionView::Template::Error (couldn't find file 'angular' with type 'application/javascript'
Checked in these paths: 
  /media/abhiram/DATA/Website/app/assets/config
  /media/abhiram/DATA/Website/app/assets/images
  /media/abhiram/DATA/Website/app/assets/javascripts
  /media/abhiram/DATA/Website/app/assets/stylesheets
  /home/abhiram/.rvm/gems/ruby-2.4.1/gems/angular-rails-templates-1.0.2/vendor/assets/javascripts
  /home/abhiram/.rvm/gems/ruby-2.4.1/gems/jquery-rails-4.2.2/vendor/assets/javascripts
  /home/abhiram/.rvm/gems/ruby-2.4.1/gems/coffee-rails-4.2.2/lib/assets/javascripts
  /home/abhiram/.rvm/gems/ruby-2.4.1/gems/actioncable-5.1.1/lib/assets/compiled
  /home/abhiram/.rvm/gems/ruby-2.4.1/gems/actionview-5.1.1/lib/assets/compiled
  /home/abhiram/.rvm/gems/ruby-2.4.1/gems/turbolinks-source-5.0.3/lib/assets/javascripts
  /media/abhiram/DATA/Website/node_modules):
    4:     %meta{:content => "text/html; charset=UTF-8", "http-equiv" => "Content-Type"}/
    5:     %title Website
    6:     = csrf_meta_tags
    7:     = stylesheet_link_tag    'application', media: 'all', 'data-turbolinks-track': 'reload'
    8:     = javascript_include_tag 'application', 'data-turbolinks-track': 'reload'
    9:   %body{ 'ng-app' => 'App' }
   10:     %ui-view
  
app/assets/javascripts/application.js:15
app/views/layouts/application.html.haml:7:in `_app_views_layouts_application_html_haml___1203696761078445734_70073743077260'
app/controllers/application_controller.rb:4:in `home'
Started GET "/" for 127.0.0.1 at 2017-06-03 17:25:44 +0530
Processing by ApplicationController#home as HTML
  Rendering layouts/application.html.haml within layouts/application
  Rendered layouts/application.html.haml within layouts/application (25.5ms)
Completed 500 Internal Server Error in 34ms


  
ActionView::Template::Error (couldn't find file 'angular' with type 'application/javascript'
Checked in these paths: 
  /media/abhiram/DATA/Website/app/assets/config
  /media/abhiram/DATA/Website/app/assets/images
  /media/abhiram/DATA/Website/app/assets/javascripts
  /media/abhiram/DATA/Website/app/assets/stylesheets
  /home/abhiram/.rvm/gems/ruby-2.4.1/gems/angular-rails-templates-1.0.2/vendor/assets/javascripts
  /home/abhiram/.rvm/gems/ruby-2.4.1/gems/jquery-rails-4.2.2/vendor/assets/javascripts
  /home/abhiram/.rvm/gems/ruby-2.4.1/gems/coffee-rails-4.2.2/lib/assets/javascripts
  /home/abhiram/.rvm/gems/ruby-2.4.1/gems/actioncable-5.1.1/lib/assets/compiled
  /home/abhiram/.rvm/gems/ruby-2.4.1/gems/actionview-5.1.1/lib/assets/compiled
  /home/abhiram/.rvm/gems/ruby-2.4.1/gems/turbolinks-source-5.0.3/lib/assets/javascripts
  /media/abhiram/DATA/Website/node_modules):
    4:     %meta{:content => "text/html; charset=UTF-8", "http-equiv" => "Content-Type"}/
    5:     %title Website
    6:     = csrf_meta_tags
    7:     = stylesheet_link_tag    'application', media: 'all', 'data-turbolinks-track': 'reload'
    8:     = javascript_include_tag 'application', 'data-turbolinks-track': 'reload'
    9:   %body{ 'ng-app' => 'App' }
   10:     %ui-view
  
app/assets/javascripts/application.js:15
app/views/layouts/application.html.haml:7:in `_app_views_layouts_application_html_haml___1203696761078445734_70073761138600'
app/controllers/application_controller.rb:4:in `home'
Started GET "/serviceworker.js" for 127.0.0.1 at 2017-06-03 17:25:46 +0530
  
ActionController::RoutingError (No route matches [GET] "/serviceworker.js"):
  
actionpack (5.1.1) lib/action_dispatch/middleware/debug_exceptions.rb:63:in `call'
web-console (3.5.1) lib/web_console/middleware.rb:135:in `call_app'
web-console (3.5.1) lib/web_console/middleware.rb:28:in `block in call'
web-console (3.5.1) lib/web_console/middleware.rb:18:in `catch'
web-console (3.5.1) lib/web_console/middleware.rb:18:in `call'
actionpack (5.1.1) lib/action_dispatch/middleware/show_exceptions.rb:31:in `call'
railties (5.1.1) lib/rails/rack/logger.rb:36:in `call_app'
railties (5.1.1) lib/rails/rack/logger.rb:24:in `block in call'
activesupport (5.1.1) lib/active_support/tagged_logging.rb:69:in `block in tagged'
activesupport (5.1.1) lib/active_support/tagged_logging.rb:26:in `tagged'
activesupport (5.1.1) lib/active_support/tagged_logging.rb:69:in `tagged'
railties (5.1.1) lib/rails/rack/logger.rb:24:in `call'
sprockets-rails (3.2.0) lib/sprockets/rails/quiet_assets.rb:13:in `call'
actionpack (5.1.1) lib/action_dispatch/middleware/remote_ip.rb:79:in `call'
actionpack (5.1.1) lib/action_dispatch/middleware/request_id.rb:25:in `call'
rack (2.0.3) lib/rack/method_override.rb:22:in `call'
rack (2.0.3) lib/rack/runtime.rb:22:in `call'
activesupport (5.1.1) lib/active_support/cache/strategy/local_cache_middleware.rb:27:in `call'
actionpack (5.1.1) lib/action_dispatch/middleware/executor.rb:12:in `call'
actionpack (5.1.1) lib/action_dispatch/middleware/static.rb:125:in `call'
rack (2.0.3) lib/rack/sendfile.rb:111:in `call'
railties (5.1.1) lib/rails/engine.rb:522:in `call'
puma (3.9.0) lib/puma/configuration.rb:224:in `call'
puma (3.9.0) lib/puma/server.rb:602:in `handle_request'
puma (3.9.0) lib/puma/server.rb:435:in `process_client'
puma (3.9.0) lib/puma/server.rb:299:in `block in run'
puma (3.9.0) lib/puma/thread_pool.rb:120:in `block in spawn_thread'
Started GET "/" for 127.0.0.1 at 2017-06-03 17:28:32 +0530
Processing by ApplicationController#home as HTML
  Rendering layouts/application.html.haml within layouts/application
  Rendered layouts/application.html.haml within layouts/application (329.2ms)
Completed 500 Internal Server Error in 582ms


  
ActionView::Template::Error (couldn't find file 'angular' with type 'application/javascript'
Checked in these paths: 
  /media/abhiram/DATA/Website/app/assets/config
  /media/abhiram/DATA/Website/app/assets/images
  /media/abhiram/DATA/Website/app/assets/javascripts
  /media/abhiram/DATA/Website/app/assets/stylesheets
  /home/abhiram/.rvm/gems/ruby-2.4.1/gems/angular-rails-templates-1.0.2/vendor/assets/javascripts
  /home/abhiram/.rvm/gems/ruby-2.4.1/gems/jquery-rails-4.2.2/vendor/assets/javascripts
  /home/abhiram/.rvm/gems/ruby-2.4.1/gems/coffee-rails-4.2.2/lib/assets/javascripts
  /home/abhiram/.rvm/gems/ruby-2.4.1/gems/actioncable-5.1.1/lib/assets/compiled
  /home/abhiram/.rvm/gems/ruby-2.4.1/gems/actionview-5.1.1/lib/assets/compiled
  /home/abhiram/.rvm/gems/ruby-2.4.1/gems/turbolinks-source-5.0.3/lib/assets/javascripts
  /media/abhiram/DATA/Website/node_modules):
    4:     %meta{:content => "text/html; charset=UTF-8", "http-equiv" => "Content-Type"}/
    5:     %title Website
    6:     = csrf_meta_tags
    7:     = stylesheet_link_tag    'application', media: 'all', 'data-turbolinks-track': 'reload'
    8:     = javascript_include_tag 'application', 'data-turbolinks-track': 'reload'
    9:   %body{ 'ng-app' => 'App' }
   10:     %ui-view
  
app/assets/javascripts/application.js:15
app/views/layouts/application.html.haml:7:in `_app_views_layouts_application_html_haml___380448409823666983_69912572279620'
app/controllers/application_controller.rb:4:in `home'
Started GET "/serviceworker.js" for 127.0.0.1 at 2017-06-03 17:28:34 +0530
  
ActionController::RoutingError (No route matches [GET] "/serviceworker.js"):
  
actionpack (5.1.1) lib/action_dispatch/middleware/debug_exceptions.rb:63:in `call'
web-console (3.5.1) lib/web_console/middleware.rb:135:in `call_app'
web-console (3.5.1) lib/web_console/middleware.rb:28:in `block in call'
web-console (3.5.1) lib/web_console/middleware.rb:18:in `catch'
web-console (3.5.1) lib/web_console/middleware.rb:18:in `call'
actionpack (5.1.1) lib/action_dispatch/middleware/show_exceptions.rb:31:in `call'
railties (5.1.1) lib/rails/rack/logger.rb:36:in `call_app'
railties (5.1.1) lib/rails/rack/logger.rb:24:in `block in call'
activesupport (5.1.1) lib/active_support/tagged_logging.rb:69:in `block in tagged'
activesupport (5.1.1) lib/active_support/tagged_logging.rb:26:in `tagged'
activesupport (5.1.1) lib/active_support/tagged_logging.rb:69:in `tagged'
railties (5.1.1) lib/rails/rack/logger.rb:24:in `call'
sprockets-rails (3.2.0) lib/sprockets/rails/quiet_assets.rb:13:in `call'
actionpack (5.1.1) lib/action_dispatch/middleware/remote_ip.rb:79:in `call'
actionpack (5.1.1) lib/action_dispatch/middleware/request_id.rb:25:in `call'
rack (2.0.3) lib/rack/method_override.rb:22:in `call'
rack (2.0.3) lib/rack/runtime.rb:22:in `call'
activesupport (5.1.1) lib/active_support/cache/strategy/local_cache_middleware.rb:27:in `call'
actionpack (5.1.1) lib/action_dispatch/middleware/executor.rb:12:in `call'
actionpack (5.1.1) lib/action_dispatch/middleware/static.rb:125:in `call'
rack (2.0.3) lib/rack/sendfile.rb:111:in `call'
railties (5.1.1) lib/rails/engine.rb:522:in `call'
puma (3.9.0) lib/puma/configuration.rb:224:in `call'
puma (3.9.0) lib/puma/server.rb:602:in `handle_request'
puma (3.9.0) lib/puma/server.rb:435:in `process_client'
puma (3.9.0) lib/puma/server.rb:299:in `block in run'
puma (3.9.0) lib/puma/thread_pool.rb:120:in `block in spawn_thread'
Started GET "/" for 127.0.0.1 at 2017-06-03 17:31:45 +0530
Processing by ApplicationController#home as HTML
  Rendering layouts/application.html.haml within layouts/application
  Rendered layouts/application.html.haml within layouts/application (31.4ms)
Completed 500 Internal Server Error in 45ms


  
ActionView::Template::Error (couldn't find file 'angular' with type 'application/javascript'
Checked in these paths: 
  /media/abhiram/DATA/Website/app/assets/config
  /media/abhiram/DATA/Website/app/assets/images
  /media/abhiram/DATA/Website/app/assets/javascripts
  /media/abhiram/DATA/Website/app/assets/stylesheets
  /home/abhiram/.rvm/gems/ruby-2.4.1/gems/angular-rails-templates-1.0.2/vendor/assets/javascripts
  /home/abhiram/.rvm/gems/ruby-2.4.1/gems/jquery-rails-4.2.2/vendor/assets/javascripts
  /home/abhiram/.rvm/gems/ruby-2.4.1/gems/coffee-rails-4.2.2/lib/assets/javascripts
  /home/abhiram/.rvm/gems/ruby-2.4.1/gems/actioncable-5.1.1/lib/assets/compiled
  /home/abhiram/.rvm/gems/ruby-2.4.1/gems/actionview-5.1.1/lib/assets/compiled
  /home/abhiram/.rvm/gems/ruby-2.4.1/gems/turbolinks-source-5.0.3/lib/assets/javascripts
  /media/abhiram/DATA/Website/node_modules):
    4:     %meta{:content => "text/html; charset=UTF-8", "http-equiv" => "Content-Type"}/
    5:     %title Website
    6:     = csrf_meta_tags
    7:     = stylesheet_link_tag    'application', media: 'all', 'data-turbolinks-track': 'reload'
    8:     = javascript_include_tag 'application', 'data-turbolinks-track': 'reload'
    9:   %body{ 'ng-app' => 'App' }
   10:     %ui-view
  
app/assets/javascripts/application.js:15
app/views/layouts/application.html.haml:7:in `_app_views_layouts_application_html_haml___380448409823666983_69912581511300'
app/controllers/application_controller.rb:4:in `home'
Started GET "/serviceworker.js" for 127.0.0.1 at 2017-06-03 17:31:46 +0530
  
ActionController::RoutingError (No route matches [GET] "/serviceworker.js"):
  
actionpack (5.1.1) lib/action_dispatch/middleware/debug_exceptions.rb:63:in `call'
web-console (3.5.1) lib/web_console/middleware.rb:135:in `call_app'
web-console (3.5.1) lib/web_console/middleware.rb:28:in `block in call'
web-console (3.5.1) lib/web_console/middleware.rb:18:in `catch'
web-console (3.5.1) lib/web_console/middleware.rb:18:in `call'
actionpack (5.1.1) lib/action_dispatch/middleware/show_exceptions.rb:31:in `call'
railties (5.1.1) lib/rails/rack/logger.rb:36:in `call_app'
railties (5.1.1) lib/rails/rack/logger.rb:24:in `block in call'
activesupport (5.1.1) lib/active_support/tagged_logging.rb:69:in `block in tagged'
activesupport (5.1.1) lib/active_support/tagged_logging.rb:26:in `tagged'
activesupport (5.1.1) lib/active_support/tagged_logging.rb:69:in `tagged'
railties (5.1.1) lib/rails/rack/logger.rb:24:in `call'
sprockets-rails (3.2.0) lib/sprockets/rails/quiet_assets.rb:13:in `call'
actionpack (5.1.1) lib/action_dispatch/middleware/remote_ip.rb:79:in `call'
actionpack (5.1.1) lib/action_dispatch/middleware/request_id.rb:25:in `call'
rack (2.0.3) lib/rack/method_override.rb:22:in `call'
rack (2.0.3) lib/rack/runtime.rb:22:in `call'
activesupport (5.1.1) lib/active_support/cache/strategy/local_cache_middleware.rb:27:in `call'
actionpack (5.1.1) lib/action_dispatch/middleware/executor.rb:12:in `call'
actionpack (5.1.1) lib/action_dispatch/middleware/static.rb:125:in `call'
rack (2.0.3) lib/rack/sendfile.rb:111:in `call'
railties (5.1.1) lib/rails/engine.rb:522:in `call'
puma (3.9.0) lib/puma/configuration.rb:224:in `call'
puma (3.9.0) lib/puma/server.rb:602:in `handle_request'
puma (3.9.0) lib/puma/server.rb:435:in `process_client'
puma (3.9.0) lib/puma/server.rb:299:in `block in run'
puma (3.9.0) lib/puma/thread_pool.rb:120:in `block in spawn_thread'
Started GET "/" for 127.0.0.1 at 2017-06-03 17:31:48 +0530
Processing by ApplicationController#home as HTML
  Rendering layouts/application.html.haml within layouts/application
  Rendered layouts/application.html.haml within layouts/application (34.2ms)
Completed 500 Internal Server Error in 46ms


  
ActionView::Template::Error (couldn't find file 'angular' with type 'application/javascript'
Checked in these paths: 
  /media/abhiram/DATA/Website/app/assets/config
  /media/abhiram/DATA/Website/app/assets/images
  /media/abhiram/DATA/Website/app/assets/javascripts
  /media/abhiram/DATA/Website/app/assets/stylesheets
  /home/abhiram/.rvm/gems/ruby-2.4.1/gems/angular-rails-templates-1.0.2/vendor/assets/javascripts
  /home/abhiram/.rvm/gems/ruby-2.4.1/gems/jquery-rails-4.2.2/vendor/assets/javascripts
  /home/abhiram/.rvm/gems/ruby-2.4.1/gems/coffee-rails-4.2.2/lib/assets/javascripts
  /home/abhiram/.rvm/gems/ruby-2.4.1/gems/actioncable-5.1.1/lib/assets/compiled
  /home/abhiram/.rvm/gems/ruby-2.4.1/gems/actionview-5.1.1/lib/assets/compiled
  /home/abhiram/.rvm/gems/ruby-2.4.1/gems/turbolinks-source-5.0.3/lib/assets/javascripts
  /media/abhiram/DATA/Website/node_modules):
    4:     %meta{:content => "text/html; charset=UTF-8", "http-equiv" => "Content-Type"}/
    5:     %title Website
    6:     = csrf_meta_tags
    7:     = stylesheet_link_tag    'application', media: 'all', 'data-turbolinks-track': 'reload'
    8:     = javascript_include_tag 'application', 'data-turbolinks-track': 'reload'
    9:   %body{ 'ng-app' => 'App' }
   10:     %ui-view
  
app/assets/javascripts/application.js:15
app/views/layouts/application.html.haml:7:in `_app_views_layouts_application_html_haml___380448409823666983_69912600651580'
app/controllers/application_controller.rb:4:in `home'
Started GET "/serviceworker.js" for 127.0.0.1 at 2017-06-03 17:31:49 +0530
  
ActionController::RoutingError (No route matches [GET] "/serviceworker.js"):
  
actionpack (5.1.1) lib/action_dispatch/middleware/debug_exceptions.rb:63:in `call'
web-console (3.5.1) lib/web_console/middleware.rb:135:in `call_app'
web-console (3.5.1) lib/web_console/middleware.rb:28:in `block in call'
web-console (3.5.1) lib/web_console/middleware.rb:18:in `catch'
web-console (3.5.1) lib/web_console/middleware.rb:18:in `call'
actionpack (5.1.1) lib/action_dispatch/middleware/show_exceptions.rb:31:in `call'
railties (5.1.1) lib/rails/rack/logger.rb:36:in `call_app'
railties (5.1.1) lib/rails/rack/logger.rb:24:in `block in call'
activesupport (5.1.1) lib/active_support/tagged_logging.rb:69:in `block in tagged'
activesupport (5.1.1) lib/active_support/tagged_logging.rb:26:in `tagged'
activesupport (5.1.1) lib/active_support/tagged_logging.rb:69:in `tagged'
railties (5.1.1) lib/rails/rack/logger.rb:24:in `call'
sprockets-rails (3.2.0) lib/sprockets/rails/quiet_assets.rb:13:in `call'
actionpack (5.1.1) lib/action_dispatch/middleware/remote_ip.rb:79:in `call'
actionpack (5.1.1) lib/action_dispatch/middleware/request_id.rb:25:in `call'
rack (2.0.3) lib/rack/method_override.rb:22:in `call'
rack (2.0.3) lib/rack/runtime.rb:22:in `call'
activesupport (5.1.1) lib/active_support/cache/strategy/local_cache_middleware.rb:27:in `call'
actionpack (5.1.1) lib/action_dispatch/middleware/executor.rb:12:in `call'
actionpack (5.1.1) lib/action_dispatch/middleware/static.rb:125:in `call'
rack (2.0.3) lib/rack/sendfile.rb:111:in `call'
railties (5.1.1) lib/rails/engine.rb:522:in `call'
puma (3.9.0) lib/puma/configuration.rb:224:in `call'
puma (3.9.0) lib/puma/server.rb:602:in `handle_request'
puma (3.9.0) lib/puma/server.rb:435:in `process_client'
puma (3.9.0) lib/puma/server.rb:299:in `block in run'
puma (3.9.0) lib/puma/thread_pool.rb:120:in `block in spawn_thread'
Started GET "/" for 127.0.0.1 at 2017-06-03 17:32:02 +0530
Processing by ApplicationController#home as HTML
  Rendering layouts/application.html.haml within layouts/application
  Rendered layouts/application.html.haml within layouts/application (359.8ms)
Completed 500 Internal Server Error in 600ms


  
ActionView::Template::Error (couldn't find file 'angular' with type 'application/javascript'
Checked in these paths: 
  /media/abhiram/DATA/Website/app/assets/config
  /media/abhiram/DATA/Website/app/assets/images
  /media/abhiram/DATA/Website/app/assets/javascripts
  /media/abhiram/DATA/Website/app/assets/stylesheets
  /home/abhiram/.rvm/gems/ruby-2.4.1/gems/angular-rails-templates-1.0.2/vendor/assets/javascripts
  /home/abhiram/.rvm/gems/ruby-2.4.1/gems/jquery-rails-4.2.2/vendor/assets/javascripts
  /home/abhiram/.rvm/gems/ruby-2.4.1/gems/coffee-rails-4.2.2/lib/assets/javascripts
  /home/abhiram/.rvm/gems/ruby-2.4.1/gems/actioncable-5.1.1/lib/assets/compiled
  /home/abhiram/.rvm/gems/ruby-2.4.1/gems/actionview-5.1.1/lib/assets/compiled
  /home/abhiram/.rvm/gems/ruby-2.4.1/gems/turbolinks-source-5.0.3/lib/assets/javascripts
  /media/abhiram/DATA/Website/node_modules):
    4:     %meta{:content => "text/html; charset=UTF-8", "http-equiv" => "Content-Type"}/
    5:     %title Website
    6:     = csrf_meta_tags
    7:     = stylesheet_link_tag    'application', media: 'all', 'data-turbolinks-track': 'reload'
    8:     = javascript_include_tag 'application', 'data-turbolinks-track': 'reload'
    9:   %body{ 'ng-app' => 'App' }
   10:     %ui-view
  
app/assets/javascripts/application.js:15
app/views/layouts/application.html.haml:7:in `_app_views_layouts_application_html_haml__3957461339438241523_69840799680240'
app/controllers/application_controller.rb:4:in `home'
Started GET "/serviceworker.js" for 127.0.0.1 at 2017-06-03 17:32:04 +0530
  
ActionController::RoutingError (No route matches [GET] "/serviceworker.js"):
  
actionpack (5.1.1) lib/action_dispatch/middleware/debug_exceptions.rb:63:in `call'
web-console (3.5.1) lib/web_console/middleware.rb:135:in `call_app'
web-console (3.5.1) lib/web_console/middleware.rb:28:in `block in call'
web-console (3.5.1) lib/web_console/middleware.rb:18:in `catch'
web-console (3.5.1) lib/web_console/middleware.rb:18:in `call'
actionpack (5.1.1) lib/action_dispatch/middleware/show_exceptions.rb:31:in `call'
railties (5.1.1) lib/rails/rack/logger.rb:36:in `call_app'
railties (5.1.1) lib/rails/rack/logger.rb:24:in `block in call'
activesupport (5.1.1) lib/active_support/tagged_logging.rb:69:in `block in tagged'
activesupport (5.1.1) lib/active_support/tagged_logging.rb:26:in `tagged'
activesupport (5.1.1) lib/active_support/tagged_logging.rb:69:in `tagged'
railties (5.1.1) lib/rails/rack/logger.rb:24:in `call'
sprockets-rails (3.2.0) lib/sprockets/rails/quiet_assets.rb:13:in `call'
actionpack (5.1.1) lib/action_dispatch/middleware/remote_ip.rb:79:in `call'
actionpack (5.1.1) lib/action_dispatch/middleware/request_id.rb:25:in `call'
rack (2.0.3) lib/rack/method_override.rb:22:in `call'
rack (2.0.3) lib/rack/runtime.rb:22:in `call'
activesupport (5.1.1) lib/active_support/cache/strategy/local_cache_middleware.rb:27:in `call'
actionpack (5.1.1) lib/action_dispatch/middleware/executor.rb:12:in `call'
actionpack (5.1.1) lib/action_dispatch/middleware/static.rb:125:in `call'
rack (2.0.3) lib/rack/sendfile.rb:111:in `call'
railties (5.1.1) lib/rails/engine.rb:522:in `call'
puma (3.9.0) lib/puma/configuration.rb:224:in `call'
puma (3.9.0) lib/puma/server.rb:602:in `handle_request'
puma (3.9.0) lib/puma/server.rb:435:in `process_client'
puma (3.9.0) lib/puma/server.rb:299:in `block in run'
puma (3.9.0) lib/puma/thread_pool.rb:120:in `block in spawn_thread'
Started GET "/" for 127.0.0.1 at 2017-06-03 17:35:54 +0530
Processing by ApplicationController#home as HTML
  Rendering layouts/application.html.haml within layouts/application
  Rendered layouts/application.html.haml within layouts/application (28.0ms)
Completed 500 Internal Server Error in 42ms


  
ActionView::Template::Error (couldn't find file 'angular' with type 'application/javascript'
Checked in these paths: 
  /media/abhiram/DATA/Website/app/assets/config
  /media/abhiram/DATA/Website/app/assets/images
  /media/abhiram/DATA/Website/app/assets/javascripts
  /media/abhiram/DATA/Website/app/assets/stylesheets
  /home/abhiram/.rvm/gems/ruby-2.4.1/gems/angular-rails-templates-1.0.2/vendor/assets/javascripts
  /home/abhiram/.rvm/gems/ruby-2.4.1/gems/jquery-rails-4.2.2/vendor/assets/javascripts
  /home/abhiram/.rvm/gems/ruby-2.4.1/gems/coffee-rails-4.2.2/lib/assets/javascripts
  /home/abhiram/.rvm/gems/ruby-2.4.1/gems/actioncable-5.1.1/lib/assets/compiled
  /home/abhiram/.rvm/gems/ruby-2.4.1/gems/actionview-5.1.1/lib/assets/compiled
  /home/abhiram/.rvm/gems/ruby-2.4.1/gems/turbolinks-source-5.0.3/lib/assets/javascripts
  /media/abhiram/DATA/Website/node_modules):
    4:     %meta{:content => "text/html; charset=UTF-8", "http-equiv" => "Content-Type"}/
    5:     %title Website
    6:     = csrf_meta_tags
    7:     = stylesheet_link_tag    'application', media: 'all', 'data-turbolinks-track': 'reload'
    8:     = javascript_include_tag 'application', 'data-turbolinks-track': 'reload'
    9:   %body{ 'ng-app' => 'App' }
   10:     %ui-view
  
app/assets/javascripts/application.js:15
app/views/layouts/application.html.haml:7:in `_app_views_layouts_application_html_haml__3957461339438241523_69840807934420'
app/controllers/application_controller.rb:4:in `home'
Started GET "/serviceworker.js" for 127.0.0.1 at 2017-06-03 17:35:56 +0530
  
ActionController::RoutingError (No route matches [GET] "/serviceworker.js"):
  
actionpack (5.1.1) lib/action_dispatch/middleware/debug_exceptions.rb:63:in `call'
web-console (3.5.1) lib/web_console/middleware.rb:135:in `call_app'
web-console (3.5.1) lib/web_console/middleware.rb:28:in `block in call'
web-console (3.5.1) lib/web_console/middleware.rb:18:in `catch'
web-console (3.5.1) lib/web_console/middleware.rb:18:in `call'
actionpack (5.1.1) lib/action_dispatch/middleware/show_exceptions.rb:31:in `call'
railties (5.1.1) lib/rails/rack/logger.rb:36:in `call_app'
railties (5.1.1) lib/rails/rack/logger.rb:24:in `block in call'
activesupport (5.1.1) lib/active_support/tagged_logging.rb:69:in `block in tagged'
activesupport (5.1.1) lib/active_support/tagged_logging.rb:26:in `tagged'
activesupport (5.1.1) lib/active_support/tagged_logging.rb:69:in `tagged'
railties (5.1.1) lib/rails/rack/logger.rb:24:in `call'
sprockets-rails (3.2.0) lib/sprockets/rails/quiet_assets.rb:13:in `call'
actionpack (5.1.1) lib/action_dispatch/middleware/remote_ip.rb:79:in `call'
actionpack (5.1.1) lib/action_dispatch/middleware/request_id.rb:25:in `call'
rack (2.0.3) lib/rack/method_override.rb:22:in `call'
rack (2.0.3) lib/rack/runtime.rb:22:in `call'
activesupport (5.1.1) lib/active_support/cache/strategy/local_cache_middleware.rb:27:in `call'
actionpack (5.1.1) lib/action_dispatch/middleware/executor.rb:12:in `call'
actionpack (5.1.1) lib/action_dispatch/middleware/static.rb:125:in `call'
rack (2.0.3) lib/rack/sendfile.rb:111:in `call'
railties (5.1.1) lib/rails/engine.rb:522:in `call'
puma (3.9.0) lib/puma/configuration.rb:224:in `call'
puma (3.9.0) lib/puma/server.rb:602:in `handle_request'
puma (3.9.0) lib/puma/server.rb:435:in `process_client'
puma (3.9.0) lib/puma/server.rb:299:in `block in run'
puma (3.9.0) lib/puma/thread_pool.rb:120:in `block in spawn_thread'
Started GET "/" for 127.0.0.1 at 2017-06-03 17:38:33 +0530
Processing by ApplicationController#home as HTML
  Rendering layouts/application.html.haml within layouts/application
  Rendered layouts/application.html.haml within layouts/application (24.1ms)
Completed 500 Internal Server Error in 32ms


  
ActionView::Template::Error (couldn't find file 'angular' with type 'application/javascript'
Checked in these paths: 
  /media/abhiram/DATA/Website/app/assets/config
  /media/abhiram/DATA/Website/app/assets/images
  /media/abhiram/DATA/Website/app/assets/javascripts
  /media/abhiram/DATA/Website/app/assets/stylesheets
  /home/abhiram/.rvm/gems/ruby-2.4.1/gems/angular-rails-templates-1.0.2/vendor/assets/javascripts
  /home/abhiram/.rvm/gems/ruby-2.4.1/gems/jquery-rails-4.2.2/vendor/assets/javascripts
  /home/abhiram/.rvm/gems/ruby-2.4.1/gems/coffee-rails-4.2.2/lib/assets/javascripts
  /home/abhiram/.rvm/gems/ruby-2.4.1/gems/actioncable-5.1.1/lib/assets/compiled
  /home/abhiram/.rvm/gems/ruby-2.4.1/gems/actionview-5.1.1/lib/assets/compiled
  /home/abhiram/.rvm/gems/ruby-2.4.1/gems/turbolinks-source-5.0.3/lib/assets/javascripts
  /media/abhiram/DATA/Website/node_modules):
    4:     %meta{:content => "text/html; charset=UTF-8", "http-equiv" => "Content-Type"}/
    5:     %title Website
    6:     = csrf_meta_tags
    7:     = stylesheet_link_tag    'application', media: 'all', 'data-turbolinks-track': 'reload'
    8:     = javascript_include_tag 'application', 'data-turbolinks-track': 'reload'
    9:   %body{ 'ng-app' => 'App' }
   10:     %ui-view
  
app/assets/javascripts/application.js:15
app/views/layouts/application.html.haml:7:in `_app_views_layouts_application_html_haml__3957461339438241523_69840827241800'
app/controllers/application_controller.rb:4:in `home'
Started GET "/serviceworker.js" for 127.0.0.1 at 2017-06-03 17:38:35 +0530
  
ActionController::RoutingError (No route matches [GET] "/serviceworker.js"):
  
actionpack (5.1.1) lib/action_dispatch/middleware/debug_exceptions.rb:63:in `call'
web-console (3.5.1) lib/web_console/middleware.rb:135:in `call_app'
web-console (3.5.1) lib/web_console/middleware.rb:28:in `block in call'
web-console (3.5.1) lib/web_console/middleware.rb:18:in `catch'
web-console (3.5.1) lib/web_console/middleware.rb:18:in `call'
actionpack (5.1.1) lib/action_dispatch/middleware/show_exceptions.rb:31:in `call'
railties (5.1.1) lib/rails/rack/logger.rb:36:in `call_app'
railties (5.1.1) lib/rails/rack/logger.rb:24:in `block in call'
activesupport (5.1.1) lib/active_support/tagged_logging.rb:69:in `block in tagged'
activesupport (5.1.1) lib/active_support/tagged_logging.rb:26:in `tagged'
activesupport (5.1.1) lib/active_support/tagged_logging.rb:69:in `tagged'
railties (5.1.1) lib/rails/rack/logger.rb:24:in `call'
sprockets-rails (3.2.0) lib/sprockets/rails/quiet_assets.rb:13:in `call'
actionpack (5.1.1) lib/action_dispatch/middleware/remote_ip.rb:79:in `call'
actionpack (5.1.1) lib/action_dispatch/middleware/request_id.rb:25:in `call'
rack (2.0.3) lib/rack/method_override.rb:22:in `call'
rack (2.0.3) lib/rack/runtime.rb:22:in `call'
activesupport (5.1.1) lib/active_support/cache/strategy/local_cache_middleware.rb:27:in `call'
actionpack (5.1.1) lib/action_dispatch/middleware/executor.rb:12:in `call'
actionpack (5.1.1) lib/action_dispatch/middleware/static.rb:125:in `call'
rack (2.0.3) lib/rack/sendfile.rb:111:in `call'
railties (5.1.1) lib/rails/engine.rb:522:in `call'
puma (3.9.0) lib/puma/configuration.rb:224:in `call'
puma (3.9.0) lib/puma/server.rb:602:in `handle_request'
puma (3.9.0) lib/puma/server.rb:435:in `process_client'
puma (3.9.0) lib/puma/server.rb:299:in `block in run'
puma (3.9.0) lib/puma/thread_pool.rb:120:in `block in spawn_thread'
Started GET "/" for 127.0.0.1 at 2017-06-03 17:38:54 +0530
Processing by Rails::WelcomeController#index as HTML
  Rendering /home/abhiram/.rvm/gems/ruby-2.4.1/gems/railties-5.1.1/lib/rails/templates/rails/welcome/index.html.erb
  Rendered /home/abhiram/.rvm/gems/ruby-2.4.1/gems/railties-5.1.1/lib/rails/templates/rails/welcome/index.html.erb (4.9ms)
Completed 200 OK in 11ms (Views: 8.3ms)


Started GET "/serviceworker.js" for 127.0.0.1 at 2017-06-03 17:38:56 +0530
  
ActionController::RoutingError (No route matches [GET] "/serviceworker.js"):
  
actionpack (5.1.1) lib/action_dispatch/middleware/debug_exceptions.rb:63:in `call'
web-console (3.5.1) lib/web_console/middleware.rb:135:in `call_app'
web-console (3.5.1) lib/web_console/middleware.rb:28:in `block in call'
web-console (3.5.1) lib/web_console/middleware.rb:18:in `catch'
web-console (3.5.1) lib/web_console/middleware.rb:18:in `call'
actionpack (5.1.1) lib/action_dispatch/middleware/show_exceptions.rb:31:in `call'
railties (5.1.1) lib/rails/rack/logger.rb:36:in `call_app'
railties (5.1.1) lib/rails/rack/logger.rb:24:in `block in call'
activesupport (5.1.1) lib/active_support/tagged_logging.rb:69:in `block in tagged'
activesupport (5.1.1) lib/active_support/tagged_logging.rb:26:in `tagged'
activesupport (5.1.1) lib/active_support/tagged_logging.rb:69:in `tagged'
railties (5.1.1) lib/rails/rack/logger.rb:24:in `call'
sprockets-rails (3.2.0) lib/sprockets/rails/quiet_assets.rb:13:in `call'
actionpack (5.1.1) lib/action_dispatch/middleware/remote_ip.rb:79:in `call'
actionpack (5.1.1) lib/action_dispatch/middleware/request_id.rb:25:in `call'
rack (2.0.3) lib/rack/method_override.rb:22:in `call'
rack (2.0.3) lib/rack/runtime.rb:22:in `call'
activesupport (5.1.1) lib/active_support/cache/strategy/local_cache_middleware.rb:27:in `call'
actionpack (5.1.1) lib/action_dispatch/middleware/executor.rb:12:in `call'
actionpack (5.1.1) lib/action_dispatch/middleware/static.rb:125:in `call'
rack (2.0.3) lib/rack/sendfile.rb:111:in `call'
railties (5.1.1) lib/rails/engine.rb:522:in `call'
puma (3.9.0) lib/puma/configuration.rb:224:in `call'
puma (3.9.0) lib/puma/server.rb:602:in `handle_request'
puma (3.9.0) lib/puma/server.rb:435:in `process_client'
puma (3.9.0) lib/puma/server.rb:299:in `block in run'
puma (3.9.0) lib/puma/thread_pool.rb:120:in `block in spawn_thread'
Started GET "/" for 127.0.0.1 at 2017-06-03 17:40:00 +0530
Processing by Rails::WelcomeController#index as HTML
  Rendering /home/abhiram/.rvm/gems/ruby-2.4.1/gems/railties-5.1.1/lib/rails/templates/rails/welcome/index.html.erb
  Rendered /home/abhiram/.rvm/gems/ruby-2.4.1/gems/railties-5.1.1/lib/rails/templates/rails/welcome/index.html.erb (1.9ms)
Completed 200 OK in 6ms (Views: 4.6ms)


Started GET "/serviceworker.js" for 127.0.0.1 at 2017-06-03 17:40:01 +0530
  
ActionController::RoutingError (No route matches [GET] "/serviceworker.js"):
  
actionpack (5.1.1) lib/action_dispatch/middleware/debug_exceptions.rb:63:in `call'
web-console (3.5.1) lib/web_console/middleware.rb:135:in `call_app'
web-console (3.5.1) lib/web_console/middleware.rb:28:in `block in call'
web-console (3.5.1) lib/web_console/middleware.rb:18:in `catch'
web-console (3.5.1) lib/web_console/middleware.rb:18:in `call'
actionpack (5.1.1) lib/action_dispatch/middleware/show_exceptions.rb:31:in `call'
railties (5.1.1) lib/rails/rack/logger.rb:36:in `call_app'
railties (5.1.1) lib/rails/rack/logger.rb:24:in `block in call'
activesupport (5.1.1) lib/active_support/tagged_logging.rb:69:in `block in tagged'
activesupport (5.1.1) lib/active_support/tagged_logging.rb:26:in `tagged'
activesupport (5.1.1) lib/active_support/tagged_logging.rb:69:in `tagged'
railties (5.1.1) lib/rails/rack/logger.rb:24:in `call'
sprockets-rails (3.2.0) lib/sprockets/rails/quiet_assets.rb:13:in `call'
actionpack (5.1.1) lib/action_dispatch/middleware/remote_ip.rb:79:in `call'
actionpack (5.1.1) lib/action_dispatch/middleware/request_id.rb:25:in `call'
rack (2.0.3) lib/rack/method_override.rb:22:in `call'
rack (2.0.3) lib/rack/runtime.rb:22:in `call'
activesupport (5.1.1) lib/active_support/cache/strategy/local_cache_middleware.rb:27:in `call'
actionpack (5.1.1) lib/action_dispatch/middleware/executor.rb:12:in `call'
actionpack (5.1.1) lib/action_dispatch/middleware/static.rb:125:in `call'
rack (2.0.3) lib/rack/sendfile.rb:111:in `call'
railties (5.1.1) lib/rails/engine.rb:522:in `call'
puma (3.9.0) lib/puma/configuration.rb:224:in `call'
puma (3.9.0) lib/puma/server.rb:602:in `handle_request'
puma (3.9.0) lib/puma/server.rb:435:in `process_client'
puma (3.9.0) lib/puma/server.rb:299:in `block in run'
puma (3.9.0) lib/puma/thread_pool.rb:120:in `block in spawn_thread'
Started GET "/home/home" for 127.0.0.1 at 2017-06-03 17:40:09 +0530
  
ActionController::RoutingError (No route matches [GET] "/home/home"):
  
actionpack (5.1.1) lib/action_dispatch/middleware/debug_exceptions.rb:63:in `call'
web-console (3.5.1) lib/web_console/middleware.rb:135:in `call_app'
web-console (3.5.1) lib/web_console/middleware.rb:28:in `block in call'
web-console (3.5.1) lib/web_console/middleware.rb:18:in `catch'
web-console (3.5.1) lib/web_console/middleware.rb:18:in `call'
actionpack (5.1.1) lib/action_dispatch/middleware/show_exceptions.rb:31:in `call'
railties (5.1.1) lib/rails/rack/logger.rb:36:in `call_app'
railties (5.1.1) lib/rails/rack/logger.rb:24:in `block in call'
activesupport (5.1.1) lib/active_support/tagged_logging.rb:69:in `block in tagged'
activesupport (5.1.1) lib/active_support/tagged_logging.rb:26:in `tagged'
activesupport (5.1.1) lib/active_support/tagged_logging.rb:69:in `tagged'
railties (5.1.1) lib/rails/rack/logger.rb:24:in `call'
sprockets-rails (3.2.0) lib/sprockets/rails/quiet_assets.rb:13:in `call'
actionpack (5.1.1) lib/action_dispatch/middleware/remote_ip.rb:79:in `call'
actionpack (5.1.1) lib/action_dispatch/middleware/request_id.rb:25:in `call'
rack (2.0.3) lib/rack/method_override.rb:22:in `call'
rack (2.0.3) lib/rack/runtime.rb:22:in `call'
activesupport (5.1.1) lib/active_support/cache/strategy/local_cache_middleware.rb:27:in `call'
actionpack (5.1.1) lib/action_dispatch/middleware/executor.rb:12:in `call'
actionpack (5.1.1) lib/action_dispatch/middleware/static.rb:125:in `call'
rack (2.0.3) lib/rack/sendfile.rb:111:in `call'
railties (5.1.1) lib/rails/engine.rb:522:in `call'
puma (3.9.0) lib/puma/configuration.rb:224:in `call'
puma (3.9.0) lib/puma/server.rb:602:in `handle_request'
puma (3.9.0) lib/puma/server.rb:435:in `process_client'
puma (3.9.0) lib/puma/server.rb:299:in `block in run'
puma (3.9.0) lib/puma/thread_pool.rb:120:in `block in spawn_thread'
Started GET "/serviceworker.js" for 127.0.0.1 at 2017-06-03 17:40:10 +0530
  
ActionController::RoutingError (No route matches [GET] "/serviceworker.js"):
  
actionpack (5.1.1) lib/action_dispatch/middleware/debug_exceptions.rb:63:in `call'
web-console (3.5.1) lib/web_console/middleware.rb:135:in `call_app'
web-console (3.5.1) lib/web_console/middleware.rb:28:in `block in call'
web-console (3.5.1) lib/web_console/middleware.rb:18:in `catch'
web-console (3.5.1) lib/web_console/middleware.rb:18:in `call'
actionpack (5.1.1) lib/action_dispatch/middleware/show_exceptions.rb:31:in `call'
railties (5.1.1) lib/rails/rack/logger.rb:36:in `call_app'
railties (5.1.1) lib/rails/rack/logger.rb:24:in `block in call'
activesupport (5.1.1) lib/active_support/tagged_logging.rb:69:in `block in tagged'
activesupport (5.1.1) lib/active_support/tagged_logging.rb:26:in `tagged'
activesupport (5.1.1) lib/active_support/tagged_logging.rb:69:in `tagged'
railties (5.1.1) lib/rails/rack/logger.rb:24:in `call'
sprockets-rails (3.2.0) lib/sprockets/rails/quiet_assets.rb:13:in `call'
actionpack (5.1.1) lib/action_dispatch/middleware/remote_ip.rb:79:in `call'
actionpack (5.1.1) lib/action_dispatch/middleware/request_id.rb:25:in `call'
rack (2.0.3) lib/rack/method_override.rb:22:in `call'
rack (2.0.3) lib/rack/runtime.rb:22:in `call'
activesupport (5.1.1) lib/active_support/cache/strategy/local_cache_middleware.rb:27:in `call'
actionpack (5.1.1) lib/action_dispatch/middleware/executor.rb:12:in `call'
actionpack (5.1.1) lib/action_dispatch/middleware/static.rb:125:in `call'
rack (2.0.3) lib/rack/sendfile.rb:111:in `call'
railties (5.1.1) lib/rails/engine.rb:522:in `call'
puma (3.9.0) lib/puma/configuration.rb:224:in `call'
puma (3.9.0) lib/puma/server.rb:602:in `handle_request'
puma (3.9.0) lib/puma/server.rb:435:in `process_client'
puma (3.9.0) lib/puma/server.rb:299:in `block in run'
puma (3.9.0) lib/puma/thread_pool.rb:120:in `block in spawn_thread'
Started GET "/home" for 127.0.0.1 at 2017-06-03 17:40:14 +0530
  
ActionController::RoutingError (No route matches [GET] "/home"):
  
actionpack (5.1.1) lib/action_dispatch/middleware/debug_exceptions.rb:63:in `call'
web-console (3.5.1) lib/web_console/middleware.rb:135:in `call_app'
web-console (3.5.1) lib/web_console/middleware.rb:28:in `block in call'
web-console (3.5.1) lib/web_console/middleware.rb:18:in `catch'
web-console (3.5.1) lib/web_console/middleware.rb:18:in `call'
actionpack (5.1.1) lib/action_dispatch/middleware/show_exceptions.rb:31:in `call'
railties (5.1.1) lib/rails/rack/logger.rb:36:in `call_app'
railties (5.1.1) lib/rails/rack/logger.rb:24:in `block in call'
activesupport (5.1.1) lib/active_support/tagged_logging.rb:69:in `block in tagged'
activesupport (5.1.1) lib/active_support/tagged_logging.rb:26:in `tagged'
activesupport (5.1.1) lib/active_support/tagged_logging.rb:69:in `tagged'
railties (5.1.1) lib/rails/rack/logger.rb:24:in `call'
sprockets-rails (3.2.0) lib/sprockets/rails/quiet_assets.rb:13:in `call'
actionpack (5.1.1) lib/action_dispatch/middleware/remote_ip.rb:79:in `call'
actionpack (5.1.1) lib/action_dispatch/middleware/request_id.rb:25:in `call'
rack (2.0.3) lib/rack/method_override.rb:22:in `call'
rack (2.0.3) lib/rack/runtime.rb:22:in `call'
activesupport (5.1.1) lib/active_support/cache/strategy/local_cache_middleware.rb:27:in `call'
actionpack (5.1.1) lib/action_dispatch/middleware/executor.rb:12:in `call'
actionpack (5.1.1) lib/action_dispatch/middleware/static.rb:125:in `call'
rack (2.0.3) lib/rack/sendfile.rb:111:in `call'
railties (5.1.1) lib/rails/engine.rb:522:in `call'
puma (3.9.0) lib/puma/configuration.rb:224:in `call'
puma (3.9.0) lib/puma/server.rb:602:in `handle_request'
puma (3.9.0) lib/puma/server.rb:435:in `process_client'
puma (3.9.0) lib/puma/server.rb:299:in `block in run'
puma (3.9.0) lib/puma/thread_pool.rb:120:in `block in spawn_thread'
Started GET "/serviceworker.js" for 127.0.0.1 at 2017-06-03 17:40:15 +0530
  
ActionController::RoutingError (No route matches [GET] "/serviceworker.js"):
  
actionpack (5.1.1) lib/action_dispatch/middleware/debug_exceptions.rb:63:in `call'
web-console (3.5.1) lib/web_console/middleware.rb:135:in `call_app'
web-console (3.5.1) lib/web_console/middleware.rb:28:in `block in call'
web-console (3.5.1) lib/web_console/middleware.rb:18:in `catch'
web-console (3.5.1) lib/web_console/middleware.rb:18:in `call'
actionpack (5.1.1) lib/action_dispatch/middleware/show_exceptions.rb:31:in `call'
railties (5.1.1) lib/rails/rack/logger.rb:36:in `call_app'
railties (5.1.1) lib/rails/rack/logger.rb:24:in `block in call'
activesupport (5.1.1) lib/active_support/tagged_logging.rb:69:in `block in tagged'
activesupport (5.1.1) lib/active_support/tagged_logging.rb:26:in `tagged'
activesupport (5.1.1) lib/active_support/tagged_logging.rb:69:in `tagged'
railties (5.1.1) lib/rails/rack/logger.rb:24:in `call'
sprockets-rails (3.2.0) lib/sprockets/rails/quiet_assets.rb:13:in `call'
actionpack (5.1.1) lib/action_dispatch/middleware/remote_ip.rb:79:in `call'
actionpack (5.1.1) lib/action_dispatch/middleware/request_id.rb:25:in `call'
rack (2.0.3) lib/rack/method_override.rb:22:in `call'
rack (2.0.3) lib/rack/runtime.rb:22:in `call'
activesupport (5.1.1) lib/active_support/cache/strategy/local_cache_middleware.rb:27:in `call'
actionpack (5.1.1) lib/action_dispatch/middleware/executor.rb:12:in `call'
actionpack (5.1.1) lib/action_dispatch/middleware/static.rb:125:in `call'
rack (2.0.3) lib/rack/sendfile.rb:111:in `call'
railties (5.1.1) lib/rails/engine.rb:522:in `call'
puma (3.9.0) lib/puma/configuration.rb:224:in `call'
puma (3.9.0) lib/puma/server.rb:602:in `handle_request'
puma (3.9.0) lib/puma/server.rb:435:in `process_client'
puma (3.9.0) lib/puma/server.rb:299:in `block in run'
puma (3.9.0) lib/puma/thread_pool.rb:120:in `block in spawn_thread'
Started GET "/application/home" for 127.0.0.1 at 2017-06-03 17:40:30 +0530
Processing by ApplicationController#home as HTML
  Rendering layouts/application.html.haml within layouts/application
  Rendered layouts/application.html.haml within layouts/application (29.8ms)
Completed 500 Internal Server Error in 41ms


  
ActionView::Template::Error (couldn't find file 'angular' with type 'application/javascript'
Checked in these paths: 
  /media/abhiram/DATA/Website/app/assets/config
  /media/abhiram/DATA/Website/app/assets/images
  /media/abhiram/DATA/Website/app/assets/javascripts
  /media/abhiram/DATA/Website/app/assets/stylesheets
  /home/abhiram/.rvm/gems/ruby-2.4.1/gems/angular-rails-templates-1.0.2/vendor/assets/javascripts
  /home/abhiram/.rvm/gems/ruby-2.4.1/gems/jquery-rails-4.2.2/vendor/assets/javascripts
  /home/abhiram/.rvm/gems/ruby-2.4.1/gems/coffee-rails-4.2.2/lib/assets/javascripts
  /home/abhiram/.rvm/gems/ruby-2.4.1/gems/actioncable-5.1.1/lib/assets/compiled
  /home/abhiram/.rvm/gems/ruby-2.4.1/gems/actionview-5.1.1/lib/assets/compiled
  /home/abhiram/.rvm/gems/ruby-2.4.1/gems/turbolinks-source-5.0.3/lib/assets/javascripts
  /media/abhiram/DATA/Website/node_modules):
    4:     %meta{:content => "text/html; charset=UTF-8", "http-equiv" => "Content-Type"}/
    5:     %title Website
    6:     = csrf_meta_tags
    7:     = stylesheet_link_tag    'application', media: 'all', 'data-turbolinks-track': 'reload'
    8:     = javascript_include_tag 'application', 'data-turbolinks-track': 'reload'
    9:   %body{ 'ng-app' => 'App' }
   10:     %ui-view
  
app/assets/javascripts/application.js:15
app/views/layouts/application.html.haml:7:in `_app_views_layouts_application_html_haml__3957461339438241523_69840826313080'
app/controllers/application_controller.rb:4:in `home'
Started GET "/serviceworker.js" for 127.0.0.1 at 2017-06-03 17:40:32 +0530
  
ActionController::RoutingError (No route matches [GET] "/serviceworker.js"):
  
actionpack (5.1.1) lib/action_dispatch/middleware/debug_exceptions.rb:63:in `call'
web-console (3.5.1) lib/web_console/middleware.rb:135:in `call_app'
web-console (3.5.1) lib/web_console/middleware.rb:28:in `block in call'
web-console (3.5.1) lib/web_console/middleware.rb:18:in `catch'
web-console (3.5.1) lib/web_console/middleware.rb:18:in `call'
actionpack (5.1.1) lib/action_dispatch/middleware/show_exceptions.rb:31:in `call'
railties (5.1.1) lib/rails/rack/logger.rb:36:in `call_app'
railties (5.1.1) lib/rails/rack/logger.rb:24:in `block in call'
activesupport (5.1.1) lib/active_support/tagged_logging.rb:69:in `block in tagged'
activesupport (5.1.1) lib/active_support/tagged_logging.rb:26:in `tagged'
activesupport (5.1.1) lib/active_support/tagged_logging.rb:69:in `tagged'
railties (5.1.1) lib/rails/rack/logger.rb:24:in `call'
sprockets-rails (3.2.0) lib/sprockets/rails/quiet_assets.rb:13:in `call'
actionpack (5.1.1) lib/action_dispatch/middleware/remote_ip.rb:79:in `call'
actionpack (5.1.1) lib/action_dispatch/middleware/request_id.rb:25:in `call'
rack (2.0.3) lib/rack/method_override.rb:22:in `call'
rack (2.0.3) lib/rack/runtime.rb:22:in `call'
activesupport (5.1.1) lib/active_support/cache/strategy/local_cache_middleware.rb:27:in `call'
actionpack (5.1.1) lib/action_dispatch/middleware/executor.rb:12:in `call'
actionpack (5.1.1) lib/action_dispatch/middleware/static.rb:125:in `call'
rack (2.0.3) lib/rack/sendfile.rb:111:in `call'
railties (5.1.1) lib/rails/engine.rb:522:in `call'
puma (3.9.0) lib/puma/configuration.rb:224:in `call'
puma (3.9.0) lib/puma/server.rb:602:in `handle_request'
puma (3.9.0) lib/puma/server.rb:435:in `process_client'
puma (3.9.0) lib/puma/server.rb:299:in `block in run'
puma (3.9.0) lib/puma/thread_pool.rb:120:in `block in spawn_thread'
Started GET "/application/home" for 127.0.0.1 at 2017-06-03 17:41:45 +0530
  
ActionController::RoutingError (No route matches [GET] "/application/home"):
  
actionpack (5.1.1) lib/action_dispatch/middleware/debug_exceptions.rb:63:in `call'
web-console (3.5.1) lib/web_console/middleware.rb:135:in `call_app'
web-console (3.5.1) lib/web_console/middleware.rb:28:in `block in call'
web-console (3.5.1) lib/web_console/middleware.rb:18:in `catch'
web-console (3.5.1) lib/web_console/middleware.rb:18:in `call'
actionpack (5.1.1) lib/action_dispatch/middleware/show_exceptions.rb:31:in `call'
railties (5.1.1) lib/rails/rack/logger.rb:36:in `call_app'
railties (5.1.1) lib/rails/rack/logger.rb:24:in `block in call'
activesupport (5.1.1) lib/active_support/tagged_logging.rb:69:in `block in tagged'
activesupport (5.1.1) lib/active_support/tagged_logging.rb:26:in `tagged'
activesupport (5.1.1) lib/active_support/tagged_logging.rb:69:in `tagged'
railties (5.1.1) lib/rails/rack/logger.rb:24:in `call'
sprockets-rails (3.2.0) lib/sprockets/rails/quiet_assets.rb:13:in `call'
actionpack (5.1.1) lib/action_dispatch/middleware/remote_ip.rb:79:in `call'
actionpack (5.1.1) lib/action_dispatch/middleware/request_id.rb:25:in `call'
rack (2.0.3) lib/rack/method_override.rb:22:in `call'
rack (2.0.3) lib/rack/runtime.rb:22:in `call'
activesupport (5.1.1) lib/active_support/cache/strategy/local_cache_middleware.rb:27:in `call'
actionpack (5.1.1) lib/action_dispatch/middleware/executor.rb:12:in `call'
actionpack (5.1.1) lib/action_dispatch/middleware/static.rb:125:in `call'
rack (2.0.3) lib/rack/sendfile.rb:111:in `call'
railties (5.1.1) lib/rails/engine.rb:522:in `call'
puma (3.9.0) lib/puma/configuration.rb:224:in `call'
puma (3.9.0) lib/puma/server.rb:602:in `handle_request'
puma (3.9.0) lib/puma/server.rb:435:in `process_client'
puma (3.9.0) lib/puma/server.rb:299:in `block in run'
puma (3.9.0) lib/puma/thread_pool.rb:120:in `block in spawn_thread'
Started GET "/serviceworker.js" for 127.0.0.1 at 2017-06-03 17:41:46 +0530
  
ActionController::RoutingError (No route matches [GET] "/serviceworker.js"):
  
actionpack (5.1.1) lib/action_dispatch/middleware/debug_exceptions.rb:63:in `call'
web-console (3.5.1) lib/web_console/middleware.rb:135:in `call_app'
web-console (3.5.1) lib/web_console/middleware.rb:28:in `block in call'
web-console (3.5.1) lib/web_console/middleware.rb:18:in `catch'
web-console (3.5.1) lib/web_console/middleware.rb:18:in `call'
actionpack (5.1.1) lib/action_dispatch/middleware/show_exceptions.rb:31:in `call'
railties (5.1.1) lib/rails/rack/logger.rb:36:in `call_app'
railties (5.1.1) lib/rails/rack/logger.rb:24:in `block in call'
activesupport (5.1.1) lib/active_support/tagged_logging.rb:69:in `block in tagged'
activesupport (5.1.1) lib/active_support/tagged_logging.rb:26:in `tagged'
activesupport (5.1.1) lib/active_support/tagged_logging.rb:69:in `tagged'
railties (5.1.1) lib/rails/rack/logger.rb:24:in `call'
sprockets-rails (3.2.0) lib/sprockets/rails/quiet_assets.rb:13:in `call'
actionpack (5.1.1) lib/action_dispatch/middleware/remote_ip.rb:79:in `call'
actionpack (5.1.1) lib/action_dispatch/middleware/request_id.rb:25:in `call'
rack (2.0.3) lib/rack/method_override.rb:22:in `call'
rack (2.0.3) lib/rack/runtime.rb:22:in `call'
activesupport (5.1.1) lib/active_support/cache/strategy/local_cache_middleware.rb:27:in `call'
actionpack (5.1.1) lib/action_dispatch/middleware/executor.rb:12:in `call'
actionpack (5.1.1) lib/action_dispatch/middleware/static.rb:125:in `call'
rack (2.0.3) lib/rack/sendfile.rb:111:in `call'
railties (5.1.1) lib/rails/engine.rb:522:in `call'
puma (3.9.0) lib/puma/configuration.rb:224:in `call'
puma (3.9.0) lib/puma/server.rb:602:in `handle_request'
puma (3.9.0) lib/puma/server.rb:435:in `process_client'
puma (3.9.0) lib/puma/server.rb:299:in `block in run'
puma (3.9.0) lib/puma/thread_pool.rb:120:in `block in spawn_thread'
Started GET "/" for 127.0.0.1 at 2017-06-03 17:41:49 +0530
  
AbstractController::ActionNotFound (The action '_index' could not be found for ApplicationController):
  
actionpack (5.1.1) lib/abstract_controller/base.rb:119:in `process'
actionview (5.1.1) lib/action_view/rendering.rb:30:in `process'
actionpack (5.1.1) lib/action_controller/metal.rb:189:in `dispatch'
actionpack (5.1.1) lib/action_controller/metal.rb:253:in `dispatch'
actionpack (5.1.1) lib/action_dispatch/routing/route_set.rb:49:in `dispatch'
actionpack (5.1.1) lib/action_dispatch/routing/route_set.rb:31:in `serve'
actionpack (5.1.1) lib/action_dispatch/journey/router.rb:46:in `block in serve'
actionpack (5.1.1) lib/action_dispatch/journey/router.rb:33:in `each'
actionpack (5.1.1) lib/action_dispatch/journey/router.rb:33:in `serve'
actionpack (5.1.1) lib/action_dispatch/routing/route_set.rb:832:in `call'
rack (2.0.3) lib/rack/etag.rb:25:in `call'
rack (2.0.3) lib/rack/conditional_get.rb:25:in `call'
rack (2.0.3) lib/rack/head.rb:12:in `call'
rack (2.0.3) lib/rack/session/abstract/id.rb:232:in `context'
rack (2.0.3) lib/rack/session/abstract/id.rb:226:in `call'
actionpack (5.1.1) lib/action_dispatch/middleware/cookies.rb:613:in `call'
activerecord (5.1.1) lib/active_record/migration.rb:556:in `call'
actionpack (5.1.1) lib/action_dispatch/middleware/callbacks.rb:26:in `block in call'
activesupport (5.1.1) lib/active_support/callbacks.rb:97:in `run_callbacks'
actionpack (5.1.1) lib/action_dispatch/middleware/callbacks.rb:24:in `call'
actionpack (5.1.1) lib/action_dispatch/middleware/executor.rb:12:in `call'
actionpack (5.1.1) lib/action_dispatch/middleware/debug_exceptions.rb:59:in `call'
web-console (3.5.1) lib/web_console/middleware.rb:135:in `call_app'
web-console (3.5.1) lib/web_console/middleware.rb:28:in `block in call'
web-console (3.5.1) lib/web_console/middleware.rb:18:in `catch'
web-console (3.5.1) lib/web_console/middleware.rb:18:in `call'
actionpack (5.1.1) lib/action_dispatch/middleware/show_exceptions.rb:31:in `call'
railties (5.1.1) lib/rails/rack/logger.rb:36:in `call_app'
railties (5.1.1) lib/rails/rack/logger.rb:24:in `block in call'
activesupport (5.1.1) lib/active_support/tagged_logging.rb:69:in `block in tagged'
activesupport (5.1.1) lib/active_support/tagged_logging.rb:26:in `tagged'
activesupport (5.1.1) lib/active_support/tagged_logging.rb:69:in `tagged'
railties (5.1.1) lib/rails/rack/logger.rb:24:in `call'
sprockets-rails (3.2.0) lib/sprockets/rails/quiet_assets.rb:13:in `call'
actionpack (5.1.1) lib/action_dispatch/middleware/remote_ip.rb:79:in `call'
actionpack (5.1.1) lib/action_dispatch/middleware/request_id.rb:25:in `call'
rack (2.0.3) lib/rack/method_override.rb:22:in `call'
rack (2.0.3) lib/rack/runtime.rb:22:in `call'
activesupport (5.1.1) lib/active_support/cache/strategy/local_cache_middleware.rb:27:in `call'
actionpack (5.1.1) lib/action_dispatch/middleware/executor.rb:12:in `call'
actionpack (5.1.1) lib/action_dispatch/middleware/static.rb:125:in `call'
rack (2.0.3) lib/rack/sendfile.rb:111:in `call'
railties (5.1.1) lib/rails/engine.rb:522:in `call'
puma (3.9.0) lib/puma/configuration.rb:224:in `call'
puma (3.9.0) lib/puma/server.rb:602:in `handle_request'
puma (3.9.0) lib/puma/server.rb:435:in `process_client'
puma (3.9.0) lib/puma/server.rb:299:in `block in run'
puma (3.9.0) lib/puma/thread_pool.rb:120:in `block in spawn_thread'
Started GET "/" for 127.0.0.1 at 2017-06-03 17:41:50 +0530
  
AbstractController::ActionNotFound (The action '_index' could not be found for ApplicationController):
  
actionpack (5.1.1) lib/abstract_controller/base.rb:119:in `process'
actionview (5.1.1) lib/action_view/rendering.rb:30:in `process'
actionpack (5.1.1) lib/action_controller/metal.rb:189:in `dispatch'
actionpack (5.1.1) lib/action_controller/metal.rb:253:in `dispatch'
actionpack (5.1.1) lib/action_dispatch/routing/route_set.rb:49:in `dispatch'
actionpack (5.1.1) lib/action_dispatch/routing/route_set.rb:31:in `serve'
actionpack (5.1.1) lib/action_dispatch/journey/router.rb:46:in `block in serve'
actionpack (5.1.1) lib/action_dispatch/journey/router.rb:33:in `each'
actionpack (5.1.1) lib/action_dispatch/journey/router.rb:33:in `serve'
actionpack (5.1.1) lib/action_dispatch/routing/route_set.rb:832:in `call'
rack (2.0.3) lib/rack/etag.rb:25:in `call'
rack (2.0.3) lib/rack/conditional_get.rb:25:in `call'
rack (2.0.3) lib/rack/head.rb:12:in `call'
rack (2.0.3) lib/rack/session/abstract/id.rb:232:in `context'
rack (2.0.3) lib/rack/session/abstract/id.rb:226:in `call'
actionpack (5.1.1) lib/action_dispatch/middleware/cookies.rb:613:in `call'
activerecord (5.1.1) lib/active_record/migration.rb:556:in `call'
actionpack (5.1.1) lib/action_dispatch/middleware/callbacks.rb:26:in `block in call'
activesupport (5.1.1) lib/active_support/callbacks.rb:97:in `run_callbacks'
actionpack (5.1.1) lib/action_dispatch/middleware/callbacks.rb:24:in `call'
actionpack (5.1.1) lib/action_dispatch/middleware/executor.rb:12:in `call'
actionpack (5.1.1) lib/action_dispatch/middleware/debug_exceptions.rb:59:in `call'
web-console (3.5.1) lib/web_console/middleware.rb:135:in `call_app'
web-console (3.5.1) lib/web_console/middleware.rb:28:in `block in call'
web-console (3.5.1) lib/web_console/middleware.rb:18:in `catch'
web-console (3.5.1) lib/web_console/middleware.rb:18:in `call'
actionpack (5.1.1) lib/action_dispatch/middleware/show_exceptions.rb:31:in `call'
railties (5.1.1) lib/rails/rack/logger.rb:36:in `call_app'
railties (5.1.1) lib/rails/rack/logger.rb:24:in `block in call'
activesupport (5.1.1) lib/active_support/tagged_logging.rb:69:in `block in tagged'
activesupport (5.1.1) lib/active_support/tagged_logging.rb:26:in `tagged'
activesupport (5.1.1) lib/active_support/tagged_logging.rb:69:in `tagged'
railties (5.1.1) lib/rails/rack/logger.rb:24:in `call'
sprockets-rails (3.2.0) lib/sprockets/rails/quiet_assets.rb:13:in `call'
actionpack (5.1.1) lib/action_dispatch/middleware/remote_ip.rb:79:in `call'
actionpack (5.1.1) lib/action_dispatch/middleware/request_id.rb:25:in `call'
rack (2.0.3) lib/rack/method_override.rb:22:in `call'
rack (2.0.3) lib/rack/runtime.rb:22:in `call'
activesupport (5.1.1) lib/active_support/cache/strategy/local_cache_middleware.rb:27:in `call'
actionpack (5.1.1) lib/action_dispatch/middleware/executor.rb:12:in `call'
actionpack (5.1.1) lib/action_dispatch/middleware/static.rb:125:in `call'
rack (2.0.3) lib/rack/sendfile.rb:111:in `call'
railties (5.1.1) lib/rails/engine.rb:522:in `call'
puma (3.9.0) lib/puma/configuration.rb:224:in `call'
puma (3.9.0) lib/puma/server.rb:602:in `handle_request'
puma (3.9.0) lib/puma/server.rb:435:in `process_client'
puma (3.9.0) lib/puma/server.rb:299:in `block in run'
puma (3.9.0) lib/puma/thread_pool.rb:120:in `block in spawn_thread'
Started GET "/serviceworker.js" for 127.0.0.1 at 2017-06-03 17:41:51 +0530
  
ActionController::RoutingError (No route matches [GET] "/serviceworker.js"):
  
actionpack (5.1.1) lib/action_dispatch/middleware/debug_exceptions.rb:63:in `call'
web-console (3.5.1) lib/web_console/middleware.rb:135:in `call_app'
web-console (3.5.1) lib/web_console/middleware.rb:28:in `block in call'
web-console (3.5.1) lib/web_console/middleware.rb:18:in `catch'
web-console (3.5.1) lib/web_console/middleware.rb:18:in `call'
actionpack (5.1.1) lib/action_dispatch/middleware/show_exceptions.rb:31:in `call'
railties (5.1.1) lib/rails/rack/logger.rb:36:in `call_app'
railties (5.1.1) lib/rails/rack/logger.rb:24:in `block in call'
activesupport (5.1.1) lib/active_support/tagged_logging.rb:69:in `block in tagged'
activesupport (5.1.1) lib/active_support/tagged_logging.rb:26:in `tagged'
activesupport (5.1.1) lib/active_support/tagged_logging.rb:69:in `tagged'
railties (5.1.1) lib/rails/rack/logger.rb:24:in `call'
sprockets-rails (3.2.0) lib/sprockets/rails/quiet_assets.rb:13:in `call'
actionpack (5.1.1) lib/action_dispatch/middleware/remote_ip.rb:79:in `call'
actionpack (5.1.1) lib/action_dispatch/middleware/request_id.rb:25:in `call'
rack (2.0.3) lib/rack/method_override.rb:22:in `call'
rack (2.0.3) lib/rack/runtime.rb:22:in `call'
activesupport (5.1.1) lib/active_support/cache/strategy/local_cache_middleware.rb:27:in `call'
actionpack (5.1.1) lib/action_dispatch/middleware/executor.rb:12:in `call'
actionpack (5.1.1) lib/action_dispatch/middleware/static.rb:125:in `call'
rack (2.0.3) lib/rack/sendfile.rb:111:in `call'
railties (5.1.1) lib/rails/engine.rb:522:in `call'
puma (3.9.0) lib/puma/configuration.rb:224:in `call'
puma (3.9.0) lib/puma/server.rb:602:in `handle_request'
puma (3.9.0) lib/puma/server.rb:435:in `process_client'
puma (3.9.0) lib/puma/server.rb:299:in `block in run'
puma (3.9.0) lib/puma/thread_pool.rb:120:in `block in spawn_thread'
Started GET "/" for 127.0.0.1 at 2017-06-03 17:41:53 +0530
  
AbstractController::ActionNotFound (The action '_index' could not be found for ApplicationController):
  
actionpack (5.1.1) lib/abstract_controller/base.rb:119:in `process'
actionview (5.1.1) lib/action_view/rendering.rb:30:in `process'
actionpack (5.1.1) lib/action_controller/metal.rb:189:in `dispatch'
actionpack (5.1.1) lib/action_controller/metal.rb:253:in `dispatch'
actionpack (5.1.1) lib/action_dispatch/routing/route_set.rb:49:in `dispatch'
actionpack (5.1.1) lib/action_dispatch/routing/route_set.rb:31:in `serve'
actionpack (5.1.1) lib/action_dispatch/journey/router.rb:46:in `block in serve'
actionpack (5.1.1) lib/action_dispatch/journey/router.rb:33:in `each'
actionpack (5.1.1) lib/action_dispatch/journey/router.rb:33:in `serve'
actionpack (5.1.1) lib/action_dispatch/routing/route_set.rb:832:in `call'
rack (2.0.3) lib/rack/etag.rb:25:in `call'
rack (2.0.3) lib/rack/conditional_get.rb:25:in `call'
rack (2.0.3) lib/rack/head.rb:12:in `call'
rack (2.0.3) lib/rack/session/abstract/id.rb:232:in `context'
rack (2.0.3) lib/rack/session/abstract/id.rb:226:in `call'
actionpack (5.1.1) lib/action_dispatch/middleware/cookies.rb:613:in `call'
activerecord (5.1.1) lib/active_record/migration.rb:556:in `call'
actionpack (5.1.1) lib/action_dispatch/middleware/callbacks.rb:26:in `block in call'
activesupport (5.1.1) lib/active_support/callbacks.rb:97:in `run_callbacks'
actionpack (5.1.1) lib/action_dispatch/middleware/callbacks.rb:24:in `call'
actionpack (5.1.1) lib/action_dispatch/middleware/executor.rb:12:in `call'
actionpack (5.1.1) lib/action_dispatch/middleware/debug_exceptions.rb:59:in `call'
web-console (3.5.1) lib/web_console/middleware.rb:135:in `call_app'
web-console (3.5.1) lib/web_console/middleware.rb:28:in `block in call'
web-console (3.5.1) lib/web_console/middleware.rb:18:in `catch'
web-console (3.5.1) lib/web_console/middleware.rb:18:in `call'
actionpack (5.1.1) lib/action_dispatch/middleware/show_exceptions.rb:31:in `call'
railties (5.1.1) lib/rails/rack/logger.rb:36:in `call_app'
railties (5.1.1) lib/rails/rack/logger.rb:24:in `block in call'
activesupport (5.1.1) lib/active_support/tagged_logging.rb:69:in `block in tagged'
activesupport (5.1.1) lib/active_support/tagged_logging.rb:26:in `tagged'
activesupport (5.1.1) lib/active_support/tagged_logging.rb:69:in `tagged'
railties (5.1.1) lib/rails/rack/logger.rb:24:in `call'
sprockets-rails (3.2.0) lib/sprockets/rails/quiet_assets.rb:13:in `call'
actionpack (5.1.1) lib/action_dispatch/middleware/remote_ip.rb:79:in `call'
actionpack (5.1.1) lib/action_dispatch/middleware/request_id.rb:25:in `call'
rack (2.0.3) lib/rack/method_override.rb:22:in `call'
rack (2.0.3) lib/rack/runtime.rb:22:in `call'
activesupport (5.1.1) lib/active_support/cache/strategy/local_cache_middleware.rb:27:in `call'
actionpack (5.1.1) lib/action_dispatch/middleware/executor.rb:12:in `call'
actionpack (5.1.1) lib/action_dispatch/middleware/static.rb:125:in `call'
rack (2.0.3) lib/rack/sendfile.rb:111:in `call'
railties (5.1.1) lib/rails/engine.rb:522:in `call'
puma (3.9.0) lib/puma/configuration.rb:224:in `call'
puma (3.9.0) lib/puma/server.rb:602:in `handle_request'
puma (3.9.0) lib/puma/server.rb:435:in `process_client'
puma (3.9.0) lib/puma/server.rb:299:in `block in run'
puma (3.9.0) lib/puma/thread_pool.rb:120:in `block in spawn_thread'
Started GET "/serviceworker.js" for 127.0.0.1 at 2017-06-03 17:41:54 +0530
  
ActionController::RoutingError (No route matches [GET] "/serviceworker.js"):
  
actionpack (5.1.1) lib/action_dispatch/middleware/debug_exceptions.rb:63:in `call'
web-console (3.5.1) lib/web_console/middleware.rb:135:in `call_app'
web-console (3.5.1) lib/web_console/middleware.rb:28:in `block in call'
web-console (3.5.1) lib/web_console/middleware.rb:18:in `catch'
web-console (3.5.1) lib/web_console/middleware.rb:18:in `call'
actionpack (5.1.1) lib/action_dispatch/middleware/show_exceptions.rb:31:in `call'
railties (5.1.1) lib/rails/rack/logger.rb:36:in `call_app'
railties (5.1.1) lib/rails/rack/logger.rb:24:in `block in call'
activesupport (5.1.1) lib/active_support/tagged_logging.rb:69:in `block in tagged'
activesupport (5.1.1) lib/active_support/tagged_logging.rb:26:in `tagged'
activesupport (5.1.1) lib/active_support/tagged_logging.rb:69:in `tagged'
railties (5.1.1) lib/rails/rack/logger.rb:24:in `call'
sprockets-rails (3.2.0) lib/sprockets/rails/quiet_assets.rb:13:in `call'
actionpack (5.1.1) lib/action_dispatch/middleware/remote_ip.rb:79:in `call'
actionpack (5.1.1) lib/action_dispatch/middleware/request_id.rb:25:in `call'
rack (2.0.3) lib/rack/method_override.rb:22:in `call'
rack (2.0.3) lib/rack/runtime.rb:22:in `call'
activesupport (5.1.1) lib/active_support/cache/strategy/local_cache_middleware.rb:27:in `call'
actionpack (5.1.1) lib/action_dispatch/middleware/executor.rb:12:in `call'
actionpack (5.1.1) lib/action_dispatch/middleware/static.rb:125:in `call'
rack (2.0.3) lib/rack/sendfile.rb:111:in `call'
railties (5.1.1) lib/rails/engine.rb:522:in `call'
puma (3.9.0) lib/puma/configuration.rb:224:in `call'
puma (3.9.0) lib/puma/server.rb:602:in `handle_request'
puma (3.9.0) lib/puma/server.rb:435:in `process_client'
puma (3.9.0) lib/puma/server.rb:299:in `block in run'
puma (3.9.0) lib/puma/thread_pool.rb:120:in `block in spawn_thread'
Started GET "/" for 127.0.0.1 at 2017-06-03 17:42:03 +0530
Processing by ApplicationController#home as HTML
  Rendering layouts/application.html.haml within layouts/application
  Rendered layouts/application.html.haml within layouts/application (13.5ms)
Completed 500 Internal Server Error in 24ms


  
ActionView::Template::Error (couldn't find file 'angular' with type 'application/javascript'
Checked in these paths: 
  /media/abhiram/DATA/Website/app/assets/config
  /media/abhiram/DATA/Website/app/assets/images
  /media/abhiram/DATA/Website/app/assets/javascripts
  /media/abhiram/DATA/Website/app/assets/stylesheets
  /home/abhiram/.rvm/gems/ruby-2.4.1/gems/angular-rails-templates-1.0.2/vendor/assets/javascripts
  /home/abhiram/.rvm/gems/ruby-2.4.1/gems/jquery-rails-4.2.2/vendor/assets/javascripts
  /home/abhiram/.rvm/gems/ruby-2.4.1/gems/coffee-rails-4.2.2/lib/assets/javascripts
  /home/abhiram/.rvm/gems/ruby-2.4.1/gems/actioncable-5.1.1/lib/assets/compiled
  /home/abhiram/.rvm/gems/ruby-2.4.1/gems/actionview-5.1.1/lib/assets/compiled
  /home/abhiram/.rvm/gems/ruby-2.4.1/gems/turbolinks-source-5.0.3/lib/assets/javascripts
  /media/abhiram/DATA/Website/node_modules):
    4:     %meta{:content => "text/html; charset=UTF-8", "http-equiv" => "Content-Type"}/
    5:     %title Website
    6:     = csrf_meta_tags
    7:     = stylesheet_link_tag    'application', media: 'all', 'data-turbolinks-track': 'reload'
    8:     = javascript_include_tag 'application', 'data-turbolinks-track': 'reload'
    9:   %body{ 'ng-app' => 'App' }
   10:     %ui-view
  
app/assets/javascripts/application.js:15
app/views/layouts/application.html.haml:7:in `_app_views_layouts_application_html_haml__3957461339438241523_69840815255920'
app/controllers/application_controller.rb:4:in `home'
Started GET "/serviceworker.js" for 127.0.0.1 at 2017-06-03 17:42:04 +0530
  
ActionController::RoutingError (No route matches [GET] "/serviceworker.js"):
  
actionpack (5.1.1) lib/action_dispatch/middleware/debug_exceptions.rb:63:in `call'
web-console (3.5.1) lib/web_console/middleware.rb:135:in `call_app'
web-console (3.5.1) lib/web_console/middleware.rb:28:in `block in call'
web-console (3.5.1) lib/web_console/middleware.rb:18:in `catch'
web-console (3.5.1) lib/web_console/middleware.rb:18:in `call'
actionpack (5.1.1) lib/action_dispatch/middleware/show_exceptions.rb:31:in `call'
railties (5.1.1) lib/rails/rack/logger.rb:36:in `call_app'
railties (5.1.1) lib/rails/rack/logger.rb:24:in `block in call'
activesupport (5.1.1) lib/active_support/tagged_logging.rb:69:in `block in tagged'
activesupport (5.1.1) lib/active_support/tagged_logging.rb:26:in `tagged'
activesupport (5.1.1) lib/active_support/tagged_logging.rb:69:in `tagged'
railties (5.1.1) lib/rails/rack/logger.rb:24:in `call'
sprockets-rails (3.2.0) lib/sprockets/rails/quiet_assets.rb:13:in `call'
actionpack (5.1.1) lib/action_dispatch/middleware/remote_ip.rb:79:in `call'
actionpack (5.1.1) lib/action_dispatch/middleware/request_id.rb:25:in `call'
rack (2.0.3) lib/rack/method_override.rb:22:in `call'
rack (2.0.3) lib/rack/runtime.rb:22:in `call'
activesupport (5.1.1) lib/active_support/cache/strategy/local_cache_middleware.rb:27:in `call'
actionpack (5.1.1) lib/action_dispatch/middleware/executor.rb:12:in `call'
actionpack (5.1.1) lib/action_dispatch/middleware/static.rb:125:in `call'
rack (2.0.3) lib/rack/sendfile.rb:111:in `call'
railties (5.1.1) lib/rails/engine.rb:522:in `call'
puma (3.9.0) lib/puma/configuration.rb:224:in `call'
puma (3.9.0) lib/puma/server.rb:602:in `handle_request'
puma (3.9.0) lib/puma/server.rb:435:in `process_client'
puma (3.9.0) lib/puma/server.rb:299:in `block in run'
puma (3.9.0) lib/puma/thread_pool.rb:120:in `block in spawn_thread'
Started GET "/" for 127.0.0.1 at 2017-06-03 17:47:00 +0530
Processing by ApplicationController#home as HTML
  Rendering layouts/application.html.haml within layouts/application
  Rendered layouts/application.html.haml within layouts/application (17.9ms)
Completed 500 Internal Server Error in 32ms


  
ActionView::Template::Error (couldn't find file 'angular' with type 'application/javascript'
Checked in these paths: 
  /media/abhiram/DATA/Website/app/assets/config
  /media/abhiram/DATA/Website/app/assets/images
  /media/abhiram/DATA/Website/app/assets/javascripts
  /media/abhiram/DATA/Website/app/assets/stylesheets
  /home/abhiram/.rvm/gems/ruby-2.4.1/gems/angular-rails-templates-1.0.2/vendor/assets/javascripts
  /home/abhiram/.rvm/gems/ruby-2.4.1/gems/jquery-rails-4.2.2/vendor/assets/javascripts
  /home/abhiram/.rvm/gems/ruby-2.4.1/gems/coffee-rails-4.2.2/lib/assets/javascripts
  /home/abhiram/.rvm/gems/ruby-2.4.1/gems/actioncable-5.1.1/lib/assets/compiled
  /home/abhiram/.rvm/gems/ruby-2.4.1/gems/actionview-5.1.1/lib/assets/compiled
  /home/abhiram/.rvm/gems/ruby-2.4.1/gems/turbolinks-source-5.0.3/lib/assets/javascripts
  /media/abhiram/DATA/Website/node_modules):
    4:     %meta{:content => "text/html; charset=UTF-8", "http-equiv" => "Content-Type"}/
    5:     %title Website
    6:     = csrf_meta_tags
    7:     = stylesheet_link_tag    'application', media: 'all', 'data-turbolinks-track': 'reload'
    8:     = javascript_include_tag 'application', 'data-turbolinks-track': 'reload'
    9:   %body{ 'ng-app' => 'App' }
   10:     %ui-view
  
app/assets/javascripts/application.js:15
app/views/layouts/application.html.haml:7:in `_app_views_layouts_application_html_haml__3957461339438241523_69840827495280'
app/controllers/application_controller.rb:4:in `home'
Started GET "/serviceworker.js" for 127.0.0.1 at 2017-06-03 17:47:01 +0530
  
ActionController::RoutingError (No route matches [GET] "/serviceworker.js"):
  
actionpack (5.1.1) lib/action_dispatch/middleware/debug_exceptions.rb:63:in `call'
web-console (3.5.1) lib/web_console/middleware.rb:135:in `call_app'
web-console (3.5.1) lib/web_console/middleware.rb:28:in `block in call'
web-console (3.5.1) lib/web_console/middleware.rb:18:in `catch'
web-console (3.5.1) lib/web_console/middleware.rb:18:in `call'
actionpack (5.1.1) lib/action_dispatch/middleware/show_exceptions.rb:31:in `call'
railties (5.1.1) lib/rails/rack/logger.rb:36:in `call_app'
railties (5.1.1) lib/rails/rack/logger.rb:24:in `block in call'
activesupport (5.1.1) lib/active_support/tagged_logging.rb:69:in `block in tagged'
activesupport (5.1.1) lib/active_support/tagged_logging.rb:26:in `tagged'
activesupport (5.1.1) lib/active_support/tagged_logging.rb:69:in `tagged'
railties (5.1.1) lib/rails/rack/logger.rb:24:in `call'
sprockets-rails (3.2.0) lib/sprockets/rails/quiet_assets.rb:13:in `call'
actionpack (5.1.1) lib/action_dispatch/middleware/remote_ip.rb:79:in `call'
actionpack (5.1.1) lib/action_dispatch/middleware/request_id.rb:25:in `call'
rack (2.0.3) lib/rack/method_override.rb:22:in `call'
rack (2.0.3) lib/rack/runtime.rb:22:in `call'
activesupport (5.1.1) lib/active_support/cache/strategy/local_cache_middleware.rb:27:in `call'
actionpack (5.1.1) lib/action_dispatch/middleware/executor.rb:12:in `call'
actionpack (5.1.1) lib/action_dispatch/middleware/static.rb:125:in `call'
rack (2.0.3) lib/rack/sendfile.rb:111:in `call'
railties (5.1.1) lib/rails/engine.rb:522:in `call'
puma (3.9.0) lib/puma/configuration.rb:224:in `call'
puma (3.9.0) lib/puma/server.rb:602:in `handle_request'
puma (3.9.0) lib/puma/server.rb:435:in `process_client'
puma (3.9.0) lib/puma/server.rb:299:in `block in run'
puma (3.9.0) lib/puma/thread_pool.rb:120:in `block in spawn_thread'
Started GET "/" for 127.0.0.1 at 2017-06-03 18:08:44 +0530
Processing by ApplicationController#home as HTML
  Rendering layouts/application.html.haml within layouts/application
  Rendered layouts/application.html.haml within layouts/application (1452.5ms)
Completed 200 OK in 1666ms (Views: 1463.7ms)


Started GET "/" for 127.0.0.1 at 2017-06-03 18:10:11 +0530
Processing by ApplicationController#home as HTML
  Rendering layouts/application.html.haml within layouts/application
  Rendered layouts/application.html.haml within layouts/application (508.0ms)
Completed 200 OK in 797ms (Views: 529.9ms)


Started GET "/serviceworker.js" for 127.0.0.1 at 2017-06-03 18:10:14 +0530
  
ActionController::RoutingError (No route matches [GET] "/serviceworker.js"):
  
actionpack (5.1.1) lib/action_dispatch/middleware/debug_exceptions.rb:63:in `call'
web-console (3.5.1) lib/web_console/middleware.rb:135:in `call_app'
web-console (3.5.1) lib/web_console/middleware.rb:28:in `block in call'
web-console (3.5.1) lib/web_console/middleware.rb:18:in `catch'
web-console (3.5.1) lib/web_console/middleware.rb:18:in `call'
actionpack (5.1.1) lib/action_dispatch/middleware/show_exceptions.rb:31:in `call'
railties (5.1.1) lib/rails/rack/logger.rb:36:in `call_app'
railties (5.1.1) lib/rails/rack/logger.rb:24:in `block in call'
activesupport (5.1.1) lib/active_support/tagged_logging.rb:69:in `block in tagged'
activesupport (5.1.1) lib/active_support/tagged_logging.rb:26:in `tagged'
activesupport (5.1.1) lib/active_support/tagged_logging.rb:69:in `tagged'
railties (5.1.1) lib/rails/rack/logger.rb:24:in `call'
sprockets-rails (3.2.0) lib/sprockets/rails/quiet_assets.rb:13:in `call'
actionpack (5.1.1) lib/action_dispatch/middleware/remote_ip.rb:79:in `call'
actionpack (5.1.1) lib/action_dispatch/middleware/request_id.rb:25:in `call'
rack (2.0.3) lib/rack/method_override.rb:22:in `call'
rack (2.0.3) lib/rack/runtime.rb:22:in `call'
activesupport (5.1.1) lib/active_support/cache/strategy/local_cache_middleware.rb:27:in `call'
actionpack (5.1.1) lib/action_dispatch/middleware/executor.rb:12:in `call'
actionpack (5.1.1) lib/action_dispatch/middleware/static.rb:125:in `call'
rack (2.0.3) lib/rack/sendfile.rb:111:in `call'
railties (5.1.1) lib/rails/engine.rb:522:in `call'
puma (3.9.0) lib/puma/configuration.rb:224:in `call'
puma (3.9.0) lib/puma/server.rb:602:in `handle_request'
puma (3.9.0) lib/puma/server.rb:435:in `process_client'
puma (3.9.0) lib/puma/server.rb:299:in `block in run'
puma (3.9.0) lib/puma/thread_pool.rb:120:in `block in spawn_thread'
Started GET "/" for 127.0.0.1 at 2017-06-03 18:13:23 +0530
Processing by ApplicationController#home as HTML
  Rendering layouts/application.html.haml within layouts/application
  Rendered layouts/application.html.haml within layouts/application (394.5ms)
Completed 200 OK in 404ms (Views: 403.1ms)


Started GET "/serviceworker.js" for 127.0.0.1 at 2017-06-03 18:13:25 +0530
  
ActionController::RoutingError (No route matches [GET] "/serviceworker.js"):
  
actionpack (5.1.1) lib/action_dispatch/middleware/debug_exceptions.rb:63:in `call'
web-console (3.5.1) lib/web_console/middleware.rb:135:in `call_app'
web-console (3.5.1) lib/web_console/middleware.rb:28:in `block in call'
web-console (3.5.1) lib/web_console/middleware.rb:18:in `catch'
web-console (3.5.1) lib/web_console/middleware.rb:18:in `call'
actionpack (5.1.1) lib/action_dispatch/middleware/show_exceptions.rb:31:in `call'
railties (5.1.1) lib/rails/rack/logger.rb:36:in `call_app'
railties (5.1.1) lib/rails/rack/logger.rb:24:in `block in call'
activesupport (5.1.1) lib/active_support/tagged_logging.rb:69:in `block in tagged'
activesupport (5.1.1) lib/active_support/tagged_logging.rb:26:in `tagged'
activesupport (5.1.1) lib/active_support/tagged_logging.rb:69:in `tagged'
railties (5.1.1) lib/rails/rack/logger.rb:24:in `call'
sprockets-rails (3.2.0) lib/sprockets/rails/quiet_assets.rb:13:in `call'
actionpack (5.1.1) lib/action_dispatch/middleware/remote_ip.rb:79:in `call'
actionpack (5.1.1) lib/action_dispatch/middleware/request_id.rb:25:in `call'
rack (2.0.3) lib/rack/method_override.rb:22:in `call'
rack (2.0.3) lib/rack/runtime.rb:22:in `call'
activesupport (5.1.1) lib/active_support/cache/strategy/local_cache_middleware.rb:27:in `call'
actionpack (5.1.1) lib/action_dispatch/middleware/executor.rb:12:in `call'
actionpack (5.1.1) lib/action_dispatch/middleware/static.rb:125:in `call'
rack (2.0.3) lib/rack/sendfile.rb:111:in `call'
railties (5.1.1) lib/rails/engine.rb:522:in `call'
puma (3.9.0) lib/puma/configuration.rb:224:in `call'
puma (3.9.0) lib/puma/server.rb:602:in `handle_request'
puma (3.9.0) lib/puma/server.rb:435:in `process_client'
puma (3.9.0) lib/puma/server.rb:299:in `block in run'
puma (3.9.0) lib/puma/thread_pool.rb:120:in `block in spawn_thread'
Started GET "/" for 127.0.0.1 at 2017-06-03 18:14:04 +0530
Processing by ApplicationController#home as */*
  Rendering layouts/application.html.haml within layouts/application
  Rendered layouts/application.html.haml within layouts/application (45.2ms)
Completed 200 OK in 80ms (Views: 79.4ms)


Started GET "/" for 127.0.0.1 at 2017-06-03 18:14:46 +0530
Processing by ApplicationController#home as HTML
  Rendering layouts/application.html.haml within layouts/application
  Rendered layouts/application.html.haml within layouts/application (61.1ms)
Completed 200 OK in 81ms (Views: 80.6ms)


Started GET "/serviceworker.js" for 127.0.0.1 at 2017-06-03 18:14:49 +0530
  
ActionController::RoutingError (No route matches [GET] "/serviceworker.js"):
  
actionpack (5.1.1) lib/action_dispatch/middleware/debug_exceptions.rb:63:in `call'
web-console (3.5.1) lib/web_console/middleware.rb:135:in `call_app'
web-console (3.5.1) lib/web_console/middleware.rb:28:in `block in call'
web-console (3.5.1) lib/web_console/middleware.rb:18:in `catch'
web-console (3.5.1) lib/web_console/middleware.rb:18:in `call'
actionpack (5.1.1) lib/action_dispatch/middleware/show_exceptions.rb:31:in `call'
railties (5.1.1) lib/rails/rack/logger.rb:36:in `call_app'
railties (5.1.1) lib/rails/rack/logger.rb:24:in `block in call'
activesupport (5.1.1) lib/active_support/tagged_logging.rb:69:in `block in tagged'
activesupport (5.1.1) lib/active_support/tagged_logging.rb:26:in `tagged'
activesupport (5.1.1) lib/active_support/tagged_logging.rb:69:in `tagged'
railties (5.1.1) lib/rails/rack/logger.rb:24:in `call'
sprockets-rails (3.2.0) lib/sprockets/rails/quiet_assets.rb:13:in `call'
actionpack (5.1.1) lib/action_dispatch/middleware/remote_ip.rb:79:in `call'
actionpack (5.1.1) lib/action_dispatch/middleware/request_id.rb:25:in `call'
rack (2.0.3) lib/rack/method_override.rb:22:in `call'
rack (2.0.3) lib/rack/runtime.rb:22:in `call'
activesupport (5.1.1) lib/active_support/cache/strategy/local_cache_middleware.rb:27:in `call'
actionpack (5.1.1) lib/action_dispatch/middleware/executor.rb:12:in `call'
actionpack (5.1.1) lib/action_dispatch/middleware/static.rb:125:in `call'
rack (2.0.3) lib/rack/sendfile.rb:111:in `call'
railties (5.1.1) lib/rails/engine.rb:522:in `call'
puma (3.9.0) lib/puma/configuration.rb:224:in `call'
puma (3.9.0) lib/puma/server.rb:602:in `handle_request'
puma (3.9.0) lib/puma/server.rb:435:in `process_client'
puma (3.9.0) lib/puma/server.rb:299:in `block in run'
puma (3.9.0) lib/puma/thread_pool.rb:120:in `block in spawn_thread'
